2025-06-06 22:06:04,491 - werkzeug - WARNING -  * Debugger is active!
2025-06-06 22:06:28,540 - urllib3.connectionpool - DEBUG - Starting new HTTP connection (1): ip-api.com:80
2025-06-06 22:06:28,779 - urllib3.connectionpool - DEBUG - http://ip-api.com:80 "GET /json?fields=status,message,query,country,regionName,city HTTP/1.1" 200 102
2025-06-06 22:06:29,402 - urllib3.connectionpool - DEBUG - Starting new HTTP connection (1): ip-api.com:80
2025-06-06 22:06:29,723 - urllib3.connectionpool - DEBUG - http://ip-api.com:80 "GET /json?fields=status,message,query,country,regionName,city HTTP/1.1" 200 102
2025-06-06 22:06:40,753 - torrentDownloaderUI - DEBUG - Save path set to: C:\Users\STK911\Downloads\PythonTorrentDownloader
2025-06-06 22:06:40,753 - torrentDownloaderUI - DEBUG - Attempting to add torrent: magnet:?xt=urn:btih:03c0dba755b6f46c0412e9b10c4e12...
2025-06-06 22:06:40,753 - torrentDownloaderUI - DEBUG - Save directory created/verified: C:\Users\STK911\Downloads\PythonTorrentDownloader
2025-06-06 22:06:40,753 - torrentDownloaderUI - DEBUG - Adding magnet link: magnet:?xt=urn:btih:03c0dba755b6f46c0412e9b10c4e1250326d5926...
2025-06-06 22:06:40,753 - torrentDownloaderUI - ERROR - Error in download_torrent: 'unknown name in torrent params: paused'
Traceback (most recent call last):
  File "d:\VSCode\BoltReferalAutomation\PythonTorrentDownloader\torrentDownloaderUI.py", line 99, in download_torrent
    handle = lt.add_magnet_uri(download_session, magnet_link_or_file_path, params)
             ^^^^^^^^^^^^^^^^^^^^^^^^^^^^^^^^^^^^^^^^^^^^^^^^^^^^^^^^^^^^^^^^^^^^^
KeyError: 'unknown name in torrent params: paused'
2025-06-06 22:06:40,753 - torrentDownloaderUI - ERROR - Failed to add torrent. Handle is None
2025-06-06 22:07:58,322 - werkzeug - WARNING -  * Debugger is active!
2025-06-06 22:08:15,673 - urllib3.connectionpool - DEBUG - Starting new HTTP connection (1): ip-api.com:80
2025-06-06 22:08:16,062 - urllib3.connectionpool - DEBUG - http://ip-api.com:80 "GET /json?fields=status,message,query,country,regionName,city HTTP/1.1" 200 102
2025-06-06 22:08:16,543 - urllib3.connectionpool - DEBUG - Starting new HTTP connection (1): ip-api.com:80
2025-06-06 22:08:17,053 - urllib3.connectionpool - DEBUG - http://ip-api.com:80 "GET /json?fields=status,message,query,country,regionName,city HTTP/1.1" 200 102
2025-06-06 22:08:20,848 - torrentDownloaderUI - DEBUG - Save path set to: C:\Users\STK911\Downloads\PythonTorrentDownloader
2025-06-06 22:08:20,849 - torrentDownloaderUI - DEBUG - Attempting to add torrent: magnet:?xt=urn:btih:03c0dba755b6f46c0412e9b10c4e12...
2025-06-06 22:08:20,849 - torrentDownloaderUI - DEBUG - Save directory created/verified: C:\Users\STK911\Downloads\PythonTorrentDownloader
2025-06-06 22:08:20,849 - torrentDownloaderUI - DEBUG - Adding magnet link: magnet:?xt=urn:btih:03c0dba755b6f46c0412e9b10c4e1250326d5926...
2025-06-06 22:08:20,851 - torrentDownloaderUI - ERROR - Error in download_torrent: Python argument types in
    libtorrent.parse_magnet_uri(str, add_torrent_params)
did not match C++ signature:
    parse_magnet_uri(class std::basic_string<char,struct std::char_traits<char>,class std::allocator<char> >)
Traceback (most recent call last):
  File "d:\VSCode\BoltReferalAutomation\PythonTorrentDownloader\torrentDownloaderUI.py", line 93, in download_torrent
    params = lt.parse_magnet_uri(magnet_link_or_file_path, params)
             ^^^^^^^^^^^^^^^^^^^^^^^^^^^^^^^^^^^^^^^^^^^^^^^^^^^^^
Boost.Python.ArgumentError: Python argument types in
    libtorrent.parse_magnet_uri(str, add_torrent_params)
did not match C++ signature:
    parse_magnet_uri(class std::basic_string<char,struct std::char_traits<char>,class std::allocator<char> >)
2025-06-06 22:08:20,851 - torrentDownloaderUI - ERROR - Failed to add torrent. Handle is None
2025-06-08 13:58:13,676 - werkzeug - WARNING -  * Debugger is active!
2025-06-08 13:58:21,172 - urllib3.connectionpool - DEBUG - Starting new HTTP connection (1): ip-api.com:80
2025-06-08 13:58:21,262 - urllib3.connectionpool - DEBUG - http://ip-api.com:80 "GET /json?fields=status,message,query,country,regionName,city HTTP/1.1" 200 112
2025-06-08 13:58:46,218 - urllib3.connectionpool - DEBUG - Starting new HTTP connection (1): ip-api.com:80
2025-06-08 13:59:04,133 - urllib3.connectionpool - DEBUG - Starting new HTTP connection (1): ip-api.com:80
2025-06-08 13:59:04,670 - urllib3.connectionpool - DEBUG - http://ip-api.com:80 "GET /json?fields=status,message,query,country,regionName,city HTTP/1.1" 200 103
2025-06-08 13:59:05,496 - urllib3.connectionpool - DEBUG - Starting new HTTP connection (1): ip-api.com:80
2025-06-08 13:59:05,725 - urllib3.connectionpool - DEBUG - http://ip-api.com:80 "GET /json?fields=status,message,query,country,regionName,city HTTP/1.1" 200 103
2025-06-08 13:59:18,360 - urllib3.connectionpool - DEBUG - Starting new HTTP connection (1): ip-api.com:80
2025-06-08 13:59:18,689 - urllib3.connectionpool - DEBUG - http://ip-api.com:80 "GET /json?fields=status,message,query,country,regionName,city HTTP/1.1" 200 103
2025-06-08 14:00:13,566 - werkzeug - WARNING -  * Debugger is active!
2025-06-08 14:01:12,787 - torrentDownloaderUI - DEBUG - Current download_rate_limit from session: 0 bytes/s
2025-06-08 14:01:12,787 - torrentDownloaderUI - DEBUG - Current upload_rate_limit from session: 0 bytes/s
2025-06-08 14:01:12,787 - torrentDownloaderUI - DEBUG - Current active_downloads_limit from session: 20
2025-06-08 14:01:12,805 - urllib3.connectionpool - DEBUG - Starting new HTTP connection (1): ip-api.com:80
2025-06-08 14:01:13,507 - urllib3.connectionpool - DEBUG - http://ip-api.com:80 "GET /json?fields=status,message,query,country,regionName,city HTTP/1.1" 200 103
2025-06-08 14:01:39,824 - torrentDownloaderUI - DEBUG - Save path set to: C:\Users\STK911\Downloads\PythonTorrentDownloader
2025-06-08 14:01:39,825 - torrentDownloaderUI - DEBUG - Attempting to add torrent: magnet:?xt=urn:btih:784c6196f7871af3418d29a6faf979...
2025-06-08 14:01:39,825 - torrentDownloaderUI - DEBUG - Save directory created/verified: C:\Users\STK911\Downloads\PythonTorrentDownloader
2025-06-08 14:01:39,825 - torrentDownloaderUI - DEBUG - Adding magnet link: magnet:?xt=urn:btih:784c6196f7871af3418d29a6faf9790eabe35a74...
2025-06-08 14:01:39,828 - torrentDownloaderUI - ERROR - Error in download_torrent: Python argument types in
    libtorrent.parse_magnet_uri(str, add_torrent_params)
did not match C++ signature:
    parse_magnet_uri(class std::basic_string<char,struct std::char_traits<char>,class std::allocator<char> >)
Traceback (most recent call last):
  File "d:\VSCode\PythonTorrentDownloader\torrentDownloaderUI.py", line 93, in download_torrent
    params = lt.parse_magnet_uri(magnet_link_or_file_path, params)
             ^^^^^^^^^^^^^^^^^^^^^^^^^^^^^^^^^^^^^^^^^^^^^^^^^^^^^
Boost.Python.ArgumentError: Python argument types in
    libtorrent.parse_magnet_uri(str, add_torrent_params)
did not match C++ signature:
    parse_magnet_uri(class std::basic_string<char,struct std::char_traits<char>,class std::allocator<char> >)
2025-06-08 14:01:39,829 - torrentDownloaderUI - ERROR - Failed to add torrent. Handle is None
2025-06-08 14:02:20,396 - werkzeug - WARNING -  * Debugger is active!
2025-06-08 14:04:07,594 - torrentDownloaderUI - DEBUG - Current download_rate_limit from session: 0 bytes/s
2025-06-08 14:04:07,594 - torrentDownloaderUI - DEBUG - Current upload_rate_limit from session: 0 bytes/s
2025-06-08 14:04:07,594 - torrentDownloaderUI - DEBUG - Current active_downloads_limit from session: 20
2025-06-08 14:04:07,619 - urllib3.connectionpool - DEBUG - Starting new HTTP connection (1): ip-api.com:80
2025-06-08 14:04:08,019 - urllib3.connectionpool - DEBUG - http://ip-api.com:80 "GET /json?fields=status,message,query,country,regionName,city HTTP/1.1" 200 103
2025-06-08 14:04:15,390 - torrentDownloaderUI - DEBUG - Save path set to: C:\Users\STK911\Downloads\PythonTorrentDownloader
2025-06-08 14:04:15,391 - torrentDownloaderUI - DEBUG - Attempting to add torrent: magnet:?xt=urn:btih:784c6196f7871af3418d29a6faf979...
2025-06-08 14:04:15,391 - torrentDownloaderUI - DEBUG - Save directory created/verified: C:\Users\STK911\Downloads\PythonTorrentDownloader
2025-06-08 14:04:15,392 - torrentDownloaderUI - DEBUG - Adding magnet link: magnet:?xt=urn:btih:784c6196f7871af3418d29a6faf9790eabe35a74...
2025-06-08 14:04:15,392 - torrentDownloaderUI - ERROR - Error in download_torrent: Python argument types in
    libtorrent.parse_magnet_uri(str, add_torrent_params)
did not match C++ signature:
    parse_magnet_uri(class std::basic_string<char,struct std::char_traits<char>,class std::allocator<char> >)
Traceback (most recent call last):
  File "d:\VSCode\PythonTorrentDownloader\torrentDownloaderUI.py", line 92, in download_torrent
    lt.parse_magnet_uri(magnet_link_or_file_path, params)
Boost.Python.ArgumentError: Python argument types in
    libtorrent.parse_magnet_uri(str, add_torrent_params)
did not match C++ signature:
    parse_magnet_uri(class std::basic_string<char,struct std::char_traits<char>,class std::allocator<char> >)
2025-06-08 14:04:15,392 - torrentDownloaderUI - ERROR - Failed to add torrent. Handle is None
2025-06-08 14:05:04,316 - werkzeug - WARNING -  * Debugger is active!
2025-06-08 14:07:41,392 - werkzeug - WARNING -  * Debugger is active!
2025-06-08 14:08:30,131 - werkzeug - WARNING -  * Debugger is active!
2025-06-08 14:08:43,792 - werkzeug - WARNING -  * Debugger is active!
2025-06-08 14:11:09,367 - torrentDownloaderUI - DEBUG - Current download_rate_limit from session: 0 bytes/s
2025-06-08 14:11:09,367 - torrentDownloaderUI - DEBUG - Current upload_rate_limit from session: 0 bytes/s
2025-06-08 14:11:09,367 - torrentDownloaderUI - DEBUG - Current active_downloads_limit from session: 20
2025-06-08 14:11:09,374 - urllib3.connectionpool - DEBUG - Starting new HTTP connection (1): ip-api.com:80
2025-06-08 14:11:10,021 - urllib3.connectionpool - DEBUG - http://ip-api.com:80 "GET /json?fields=status,message,query,country,regionName,city HTTP/1.1" 200 103
2025-06-08 14:11:15,999 - torrentDownloaderUI - DEBUG - Save path set to: C:\Users\STK911\Downloads\PythonTorrentDownloader
2025-06-08 14:11:16,000 - torrentDownloaderUI - DEBUG - Attempting to add torrent: magnet:?xt=urn:btih:784c6196f7871af3418d29a6faf979...
2025-06-08 14:11:16,000 - torrentDownloaderUI - DEBUG - Save directory created/verified: C:\Users\STK911\Downloads\PythonTorrentDownloader
2025-06-08 14:11:16,000 - torrentDownloaderUI - DEBUG - Adding magnet link: magnet:?xt=urn:btih:784c6196f7871af3418d29a6faf9790eabe35a74...
2025-06-08 14:11:16,002 - torrentDownloaderUI - DEBUG - Forcing recheck of existing files...
2025-06-08 14:11:16,003 - torrentDownloaderUI - INFO - Successfully added magnet link, handle: <libtorrent.torrent_handle object at 0x000002B09B6D6810>
2025-06-08 14:11:16,003 - torrentDownloaderUI - DEBUG - Torrent handle is valid: <libtorrent.torrent_handle object at 0x000002B09B6D6810>
2025-06-08 14:11:16,005 - torrentDownloaderUI - INFO - Added new magnet link to history: magnet:?xt=urn:btih:784c6196f7871af3418d29a6faf979...
2025-06-08 14:11:16,005 - torrentDownloaderUI - INFO - Successfully added torrent with handle_id: -6839792444211556743
2025-06-08 14:12:19,910 - werkzeug - WARNING -  * Debugger is active!
2025-06-08 14:13:07,360 - werkzeug - WARNING -  * Debugger is active!
2025-06-08 14:13:07,656 - torrentDownloaderUI - DEBUG - Current download_rate_limit from session: 0 bytes/s
2025-06-08 14:13:07,656 - torrentDownloaderUI - DEBUG - Current upload_rate_limit from session: 0 bytes/s
2025-06-08 14:13:07,657 - torrentDownloaderUI - DEBUG - Current active_downloads_limit from session: 20
2025-06-08 14:13:07,679 - urllib3.connectionpool - DEBUG - Starting new HTTP connection (1): ip-api.com:80
2025-06-08 14:13:08,147 - urllib3.connectionpool - DEBUG - http://ip-api.com:80 "GET /json?fields=status,message,query,country,regionName,city HTTP/1.1" 200 103
2025-06-08 14:13:11,342 - torrentDownloaderUI - DEBUG - Save path set to: C:\Users\STK911\Downloads\PythonTorrentDownloader
2025-06-08 14:13:11,342 - torrentDownloaderUI - DEBUG - Attempting to add torrent: magnet:?xt=urn:btih:784c6196f7871af3418d29a6faf979...
2025-06-08 14:13:11,343 - torrentDownloaderUI - DEBUG - Save directory created/verified: C:\Users\STK911\Downloads\PythonTorrentDownloader
2025-06-08 14:13:11,343 - torrentDownloaderUI - DEBUG - Adding magnet link: magnet:?xt=urn:btih:784c6196f7871af3418d29a6faf9790eabe35a74...
2025-06-08 14:13:11,344 - torrentDownloaderUI - DEBUG - Forcing recheck of existing files...
2025-06-08 14:13:11,344 - torrentDownloaderUI - INFO - Successfully added magnet link, handle: <libtorrent.torrent_handle object at 0x000002055A366CE0>
2025-06-08 14:13:11,344 - torrentDownloaderUI - DEBUG - Torrent handle is valid: <libtorrent.torrent_handle object at 0x000002055A366CE0>
2025-06-08 14:13:11,344 - torrentDownloaderUI - INFO - Added new magnet link to history: magnet:?xt=urn:btih:784c6196f7871af3418d29a6faf979...
2025-06-08 14:13:11,344 - torrentDownloaderUI - INFO - Successfully added torrent with handle_id: 8748623081392497140
2025-06-08 14:13:30,465 - torrentDownloaderUI - DEBUG - [Backend] torrent_details: Received request for handle_id: 0
2025-06-08 14:13:30,465 - torrentDownloaderUI - DEBUG - [Backend] torrent_details: Current active_downloads keys: ['8748623081392497140']
2025-06-08 14:13:30,466 - torrentDownloaderUI - ERROR - [Backend] torrent_details: handle_id '0' not found in active_downloads.
2025-06-08 14:13:59,460 - torrentDownloaderUI - DEBUG - [Backend] torrent_details: Received request for handle_id: 0
2025-06-08 14:13:59,460 - torrentDownloaderUI - DEBUG - [Backend] torrent_details: Current active_downloads keys: ['8748623081392497140']
2025-06-08 14:13:59,460 - torrentDownloaderUI - ERROR - [Backend] torrent_details: handle_id '0' not found in active_downloads.
2025-06-08 14:14:14,144 - torrentDownloaderUI - DEBUG - [Backend] torrent_details: Received request for handle_id: 0
2025-06-08 14:14:14,144 - torrentDownloaderUI - DEBUG - [Backend] torrent_details: Current active_downloads keys: ['8748623081392497140']
2025-06-08 14:14:14,144 - torrentDownloaderUI - ERROR - [Backend] torrent_details: handle_id '0' not found in active_downloads.
2025-06-08 14:14:14,146 - torrentDownloaderUI - DEBUG - [Backend] torrent_details: Received request for handle_id: 0
2025-06-08 14:14:14,146 - torrentDownloaderUI - DEBUG - [Backend] torrent_details: Current active_downloads keys: ['8748623081392497140']
2025-06-08 14:14:14,146 - torrentDownloaderUI - ERROR - [Backend] torrent_details: handle_id '0' not found in active_downloads.
2025-06-08 14:15:06,402 - werkzeug - WARNING -  * Debugger is active!
2025-06-08 14:16:46,827 - torrentDownloaderUI - DEBUG - Current download_rate_limit from session: 0 bytes/s
2025-06-08 14:16:46,828 - torrentDownloaderUI - DEBUG - Current upload_rate_limit from session: 0 bytes/s
2025-06-08 14:16:46,830 - torrentDownloaderUI - DEBUG - Current active_downloads_limit from session: 20
2025-06-08 14:16:46,850 - urllib3.connectionpool - DEBUG - Starting new HTTP connection (1): ip-api.com:80
2025-06-08 14:16:49,128 - urllib3.connectionpool - DEBUG - http://ip-api.com:80 "GET /json?fields=status,message,query,country,regionName,city HTTP/1.1" 200 103
2025-06-08 14:16:53,797 - torrentDownloaderUI - DEBUG - Save path set to: C:\Users\STK911\Downloads\PythonTorrentDownloader
2025-06-08 14:16:53,797 - torrentDownloaderUI - DEBUG - Attempting to add torrent: magnet:?xt=urn:btih:784c6196f7871af3418d29a6faf979...
2025-06-08 14:16:53,797 - torrentDownloaderUI - DEBUG - Save directory created/verified: C:\Users\STK911\Downloads\PythonTorrentDownloader
2025-06-08 14:16:53,797 - torrentDownloaderUI - DEBUG - Adding magnet link: magnet:?xt=urn:btih:784c6196f7871af3418d29a6faf9790eabe35a74...
2025-06-08 14:16:53,799 - torrentDownloaderUI - DEBUG - Forcing recheck of existing files...
2025-06-08 14:16:53,799 - torrentDownloaderUI - INFO - Successfully added magnet link, handle: <libtorrent.torrent_handle object at 0x0000023F850D6490>
2025-06-08 14:16:53,799 - torrentDownloaderUI - DEBUG - Torrent handle is valid: <libtorrent.torrent_handle object at 0x0000023F850D6490>
2025-06-08 14:16:53,799 - torrentDownloaderUI - INFO - Added new magnet link to history: magnet:?xt=urn:btih:784c6196f7871af3418d29a6faf979...
2025-06-08 14:16:53,800 - torrentDownloaderUI - INFO - Successfully added torrent with handle_id: 3968502891863406124
2025-06-08 14:17:14,478 - torrentDownloaderUI - DEBUG - [Backend] torrent_details: Received request for handle_id: 0
2025-06-08 14:17:14,479 - torrentDownloaderUI - DEBUG - [Backend] torrent_details: Current active_downloads keys: ['3968502891863406124']
2025-06-08 14:17:14,479 - torrentDownloaderUI - WARNING - [Backend] torrent_details: handle_id '0' not found in active_downloads.
2025-06-08 14:17:27,500 - torrentDownloaderUI - DEBUG - [Backend] torrent_details: Received request for handle_id: 0
2025-06-08 14:17:27,500 - torrentDownloaderUI - DEBUG - [Backend] torrent_details: Current active_downloads keys: ['3968502891863406124']
2025-06-08 14:17:27,500 - torrentDownloaderUI - WARNING - [Backend] torrent_details: handle_id '0' not found in active_downloads.
2025-06-08 14:17:27,502 - torrentDownloaderUI - DEBUG - [Backend] torrent_details: Received request for handle_id: 0
2025-06-08 14:17:27,503 - torrentDownloaderUI - DEBUG - [Backend] torrent_details: Current active_downloads keys: ['3968502891863406124']
2025-06-08 14:17:27,503 - torrentDownloaderUI - WARNING - [Backend] torrent_details: handle_id '0' not found in active_downloads.
2025-06-08 14:24:20,355 - torrentDownloaderUI - DEBUG - Current download_rate_limit from session: 0 bytes/s
2025-06-08 14:24:20,356 - torrentDownloaderUI - DEBUG - Current upload_rate_limit from session: 0 bytes/s
2025-06-08 14:24:20,358 - torrentDownloaderUI - DEBUG - Current active_downloads_limit from session: 20
2025-06-08 14:24:20,385 - urllib3.connectionpool - DEBUG - Starting new HTTP connection (1): ip-api.com:80
2025-06-08 14:24:21,913 - urllib3.connectionpool - DEBUG - http://ip-api.com:80 "GET /json?fields=status,message,query,country,regionName,city HTTP/1.1" 200 103
2025-06-08 14:24:57,815 - torrentDownloaderUI - DEBUG - Current download_rate_limit from session: 0 bytes/s
2025-06-08 14:24:57,816 - torrentDownloaderUI - DEBUG - Current upload_rate_limit from session: 0 bytes/s
2025-06-08 14:24:57,816 - torrentDownloaderUI - DEBUG - Current active_downloads_limit from session: 20
2025-06-08 14:24:57,827 - urllib3.connectionpool - DEBUG - Starting new HTTP connection (1): ip-api.com:80
2025-06-08 14:24:58,139 - urllib3.connectionpool - DEBUG - http://ip-api.com:80 "GET /json?fields=status,message,query,country,regionName,city HTTP/1.1" 200 103
2025-06-08 14:25:52,646 - torrentDownloaderUI - DEBUG - Current download_rate_limit from session: 0 bytes/s
2025-06-08 14:25:52,648 - torrentDownloaderUI - DEBUG - Current upload_rate_limit from session: 0 bytes/s
2025-06-08 14:25:52,648 - torrentDownloaderUI - DEBUG - Current active_downloads_limit from session: 20
2025-06-08 14:25:52,654 - urllib3.connectionpool - DEBUG - Starting new HTTP connection (1): ip-api.com:80
2025-06-08 14:25:54,156 - urllib3.connectionpool - DEBUG - http://ip-api.com:80 "GET /json?fields=status,message,query,country,regionName,city HTTP/1.1" 200 103
2025-06-08 14:29:37,923 - torrentDownloaderUI - INFO - Torrent 'www.5MovieRulz.realty - Devika & Danny (2025) 1080p S01 EP (01-07) TRUE WEB-DL - AVC - [Tel + Tam + Hin + Mal + Kan]' (ID: 3968502891863406124) marked as completed and added to completed list.
2025-06-08 14:29:55,650 - torrentDownloaderUI - INFO - Attempting to pause all active torrents.
2025-06-08 14:29:55,651 - torrentDownloaderUI - INFO - Paused torrent:  (ID: 3968502891863406124)
2025-06-08 14:29:55,651 - torrentDownloaderUI - INFO - Finished attempting to pause all torrents. Paused: 1
2025-06-08 14:33:30,803 - werkzeug - WARNING -  * Debugger is active!
2025-06-08 14:33:41,400 - werkzeug - WARNING -  * Debugger is active!
2025-06-08 14:41:46,375 - torrentDownloaderUI - DEBUG - Current download_rate_limit from session: 0 bytes/s
2025-06-08 14:41:46,376 - torrentDownloaderUI - DEBUG - Current upload_rate_limit from session: 0 bytes/s
2025-06-08 14:41:46,377 - torrentDownloaderUI - DEBUG - Current active_downloads_limit from session: 20
2025-06-08 14:41:46,396 - urllib3.connectionpool - DEBUG - Starting new HTTP connection (1): ip-api.com:80
2025-06-08 14:41:47,455 - urllib3.connectionpool - DEBUG - http://ip-api.com:80 "GET /json?fields=status,message,query,country,regionName,city HTTP/1.1" 200 103
2025-06-08 14:41:55,755 - torrentDownloaderUI - DEBUG - Save path set to: C:\Users\STK911\Downloads\PythonTorrentDownloader
2025-06-08 14:41:55,756 - torrentDownloaderUI - DEBUG - Attempting to add torrent: magnet:?xt=urn:btih:784c6196f7871af3418d29a6faf979...
2025-06-08 14:41:55,756 - torrentDownloaderUI - DEBUG - Save directory created/verified: C:\Users\STK911\Downloads\PythonTorrentDownloader
2025-06-08 14:41:55,757 - torrentDownloaderUI - DEBUG - Adding magnet link: magnet:?xt=urn:btih:784c6196f7871af3418d29a6faf9790eabe35a74...
2025-06-08 14:41:55,758 - torrentDownloaderUI - DEBUG - Forcing recheck of existing files...
2025-06-08 14:41:55,758 - torrentDownloaderUI - INFO - Successfully added magnet link, handle: <libtorrent.torrent_handle object at 0x0000020F498CAC00>
2025-06-08 14:41:55,758 - torrentDownloaderUI - DEBUG - Torrent handle is valid: <libtorrent.torrent_handle object at 0x0000020F498CAC00>
2025-06-08 14:41:55,758 - torrentDownloaderUI - INFO - Added new magnet link to history: magnet:?xt=urn:btih:784c6196f7871af3418d29a6faf979...
2025-06-08 14:41:55,758 - torrentDownloaderUI - INFO - Successfully added torrent with handle_id: 408582282160098134
2025-06-08 14:42:15,702 - torrentDownloaderUI - INFO - Torrent 'www.5MovieRulz.realty - Devika & Danny (2025) 1080p S01 EP (01-07) TRUE WEB-DL - AVC - [Tel + Tam + Hin + Mal + Kan]' (ID: 408582282160098134) marked as completed and added to completed list.
2025-06-08 14:43:26,370 - werkzeug - WARNING -  * Debugger is active!
2025-06-08 14:44:08,103 - werkzeug - WARNING -  * Debugger is active!
2025-06-08 14:44:54,788 - torrentDownloaderUI - DEBUG - Current download_rate_limit from session: 0 bytes/s
2025-06-08 14:44:54,789 - torrentDownloaderUI - DEBUG - Current upload_rate_limit from session: 0 bytes/s
2025-06-08 14:44:54,790 - torrentDownloaderUI - DEBUG - Current active_downloads_limit from session: 20
2025-06-08 14:44:54,806 - urllib3.connectionpool - DEBUG - Starting new HTTP connection (1): ip-api.com:80
2025-06-08 14:44:55,462 - urllib3.connectionpool - DEBUG - http://ip-api.com:80 "GET /json?fields=status,message,query,country,regionName,city HTTP/1.1" 200 103
2025-06-08 14:45:01,548 - torrentDownloaderUI - DEBUG - Save path set to: C:\Users\STK911\Downloads\PythonTorrentDownloader
2025-06-08 14:45:01,548 - torrentDownloaderUI - DEBUG - Attempting to add torrent: magnet:?xt=urn:btih:784c6196f7871af3418d29a6faf979...
2025-06-08 14:45:01,549 - torrentDownloaderUI - DEBUG - Save directory created/verified: C:\Users\STK911\Downloads\PythonTorrentDownloader
2025-06-08 14:45:01,549 - torrentDownloaderUI - DEBUG - Adding magnet link: magnet:?xt=urn:btih:784c6196f7871af3418d29a6faf9790eabe35a74...
2025-06-08 14:45:01,553 - torrentDownloaderUI - ERROR - Error in download_torrent: 'unknown name in torrent params: paused'
Traceback (most recent call last):
  File "d:\VSCode\PythonTorrentDownloader\torrentDownloaderUI.py", line 98, in download_torrent
    handle = lt.add_magnet_uri(download_session, magnet_link_or_file_path, params)
             ^^^^^^^^^^^^^^^^^^^^^^^^^^^^^^^^^^^^^^^^^^^^^^^^^^^^^^^^^^^^^^^^^^^^^
KeyError: 'unknown name in torrent params: paused'
2025-06-08 14:45:01,554 - torrentDownloaderUI - ERROR - Failed to add torrent. Handle is None
2025-06-08 14:46:33,189 - werkzeug - WARNING -  * Debugger is active!
2025-06-08 14:48:06,366 - torrentDownloaderUI - DEBUG - Current download_rate_limit from session: 0 bytes/s
2025-06-08 14:48:06,367 - torrentDownloaderUI - DEBUG - Current upload_rate_limit from session: 0 bytes/s
2025-06-08 14:48:06,367 - torrentDownloaderUI - DEBUG - Current active_downloads_limit from session: 20
2025-06-08 14:48:06,381 - urllib3.connectionpool - DEBUG - Starting new HTTP connection (1): ip-api.com:80
2025-06-08 14:48:07,260 - torrentDownloaderUI - DEBUG - Current download_rate_limit from session: 0 bytes/s
2025-06-08 14:48:07,260 - torrentDownloaderUI - DEBUG - Current upload_rate_limit from session: 0 bytes/s
2025-06-08 14:48:07,260 - torrentDownloaderUI - DEBUG - Current active_downloads_limit from session: 20
2025-06-08 14:48:07,268 - urllib3.connectionpool - DEBUG - Starting new HTTP connection (1): ip-api.com:80
2025-06-08 14:48:07,460 - urllib3.connectionpool - DEBUG - http://ip-api.com:80 "GET /json?fields=status,message,query,country,regionName,city HTTP/1.1" 200 103
2025-06-08 14:48:07,605 - urllib3.connectionpool - DEBUG - http://ip-api.com:80 "GET /json?fields=status,message,query,country,regionName,city HTTP/1.1" 200 103
2025-06-08 14:48:09,792 - torrentDownloaderUI - DEBUG - Current download_rate_limit from session: 0 bytes/s
2025-06-08 14:48:09,794 - torrentDownloaderUI - DEBUG - Current upload_rate_limit from session: 0 bytes/s
2025-06-08 14:48:09,794 - torrentDownloaderUI - DEBUG - Current active_downloads_limit from session: 20
2025-06-08 14:48:09,801 - urllib3.connectionpool - DEBUG - Starting new HTTP connection (1): ip-api.com:80
2025-06-08 14:48:10,088 - urllib3.connectionpool - DEBUG - http://ip-api.com:80 "GET /json?fields=status,message,query,country,regionName,city HTTP/1.1" 200 103
2025-06-08 14:48:13,464 - torrentDownloaderUI - DEBUG - Save path set to: C:\Users\STK911\Downloads\PythonTorrentDownloader
2025-06-08 14:48:13,465 - torrentDownloaderUI - DEBUG - Attempting to add torrent: magnet:?xt=urn:btih:784c6196f7871af3418d29a6faf979...
2025-06-08 14:48:13,465 - torrentDownloaderUI - DEBUG - Save directory created/verified: C:\Users\STK911\Downloads\PythonTorrentDownloader
2025-06-08 14:48:13,467 - torrentDownloaderUI - DEBUG - Adding magnet link: magnet:?xt=urn:btih:784c6196f7871af3418d29a6faf9790eabe35a74...
2025-06-08 14:48:13,469 - torrentDownloaderUI - DEBUG - Forcing recheck of existing files...
2025-06-08 14:48:13,469 - torrentDownloaderUI - INFO - Successfully added magnet link, handle: <libtorrent.torrent_handle object at 0x000001AEF3EAEB20>
2025-06-08 14:48:13,469 - torrentDownloaderUI - DEBUG - Torrent handle is valid: <libtorrent.torrent_handle object at 0x000001AEF3EAEB20>
2025-06-08 14:48:13,469 - torrentDownloaderUI - INFO - Added new magnet link to history: magnet:?xt=urn:btih:784c6196f7871af3418d29a6faf979...
2025-06-08 14:48:13,469 - torrentDownloaderUI - INFO - Successfully added torrent with handle_id: -7654932622119688102
2025-06-08 14:48:38,241 - torrentDownloaderUI - INFO - Torrent 'www.5MovieRulz.realty - Devika & Danny (2025) 1080p S01 EP (01-07) TRUE WEB-DL - AVC - [Tel + Tam + Hin + Mal + Kan]' (ID: -7654932622119688102) marked as completed and added to completed list.
2025-06-08 14:48:46,696 - torrentDownloaderUI - INFO - Attempting to pause all active torrents.
2025-06-08 14:48:46,697 - torrentDownloaderUI - INFO - Paused torrent:  (ID: -7654932622119688102)
2025-06-08 14:48:46,698 - torrentDownloaderUI - INFO - Finished attempting to pause all torrents. Paused: 1
2025-06-08 14:50:59,547 - werkzeug - WARNING -  * Debugger is active!
2025-06-08 14:56:38,070 - werkzeug - WARNING -  * Debugger is active!
2025-06-08 14:56:39,319 - torrentDownloaderUI - DEBUG - Current download_rate_limit from session: 0 bytes/s
2025-06-08 14:56:39,319 - torrentDownloaderUI - DEBUG - Current upload_rate_limit from session: 0 bytes/s
2025-06-08 14:56:39,319 - torrentDownloaderUI - DEBUG - Current active_downloads_limit from session: 20
2025-06-08 14:56:39,335 - urllib3.connectionpool - DEBUG - Starting new HTTP connection (1): ip-api.com:80
2025-06-08 14:56:41,135 - urllib3.connectionpool - DEBUG - http://ip-api.com:80 "GET /json?fields=status,message,query,country,regionName,city HTTP/1.1" 200 103
2025-06-08 14:56:52,690 - torrentDownloaderUI - DEBUG - Current download_rate_limit from session: 0 bytes/s
2025-06-08 14:56:52,691 - torrentDownloaderUI - DEBUG - Current upload_rate_limit from session: 0 bytes/s
2025-06-08 14:56:52,691 - torrentDownloaderUI - DEBUG - Current active_downloads_limit from session: 20
2025-06-08 14:56:52,701 - urllib3.connectionpool - DEBUG - Starting new HTTP connection (1): ip-api.com:80
2025-06-08 14:56:53,036 - urllib3.connectionpool - DEBUG - http://ip-api.com:80 "GET /json?fields=status,message,query,country,regionName,city HTTP/1.1" 200 103
2025-06-08 14:56:55,364 - torrentDownloaderUI - DEBUG - Current download_rate_limit from session: 0 bytes/s
2025-06-08 14:56:55,365 - torrentDownloaderUI - DEBUG - Current upload_rate_limit from session: 0 bytes/s
2025-06-08 14:56:55,365 - torrentDownloaderUI - DEBUG - Current active_downloads_limit from session: 20
2025-06-08 14:56:55,394 - urllib3.connectionpool - DEBUG - Starting new HTTP connection (1): ip-api.com:80
2025-06-08 14:56:55,679 - urllib3.connectionpool - DEBUG - http://ip-api.com:80 "GET /json?fields=status,message,query,country,regionName,city HTTP/1.1" 200 103
2025-06-08 14:56:56,722 - torrentDownloaderUI - DEBUG - Current download_rate_limit from session: 0 bytes/s
2025-06-08 14:56:56,724 - torrentDownloaderUI - DEBUG - Current upload_rate_limit from session: 0 bytes/s
2025-06-08 14:56:56,724 - torrentDownloaderUI - DEBUG - Current active_downloads_limit from session: 20
2025-06-08 14:56:56,728 - urllib3.connectionpool - DEBUG - Starting new HTTP connection (1): ip-api.com:80
2025-06-08 14:56:56,932 - urllib3.connectionpool - DEBUG - http://ip-api.com:80 "GET /json?fields=status,message,query,country,regionName,city HTTP/1.1" 200 103
2025-06-08 14:58:53,303 - torrentDownloaderUI - DEBUG - Current download_rate_limit from session: 0 bytes/s
2025-06-08 14:58:53,306 - torrentDownloaderUI - DEBUG - Current upload_rate_limit from session: 0 bytes/s
2025-06-08 14:58:53,306 - torrentDownloaderUI - DEBUG - Current active_downloads_limit from session: 20
2025-06-08 14:58:53,325 - urllib3.connectionpool - DEBUG - Starting new HTTP connection (1): ip-api.com:80
2025-06-08 14:58:54,056 - urllib3.connectionpool - DEBUG - http://ip-api.com:80 "GET /json?fields=status,message,query,country,regionName,city HTTP/1.1" 200 103
2025-06-08 15:00:06,213 - werkzeug - WARNING -  * Debugger is active!
2025-06-08 15:00:33,370 - torrentDownloaderUI - DEBUG - Current download_rate_limit from session: 0 bytes/s
2025-06-08 15:00:33,373 - torrentDownloaderUI - DEBUG - Current upload_rate_limit from session: 0 bytes/s
2025-06-08 15:00:33,374 - torrentDownloaderUI - DEBUG - Current active_downloads_limit from session: 20
2025-06-08 15:00:33,387 - urllib3.connectionpool - DEBUG - Starting new HTTP connection (1): ip-api.com:80
2025-06-08 15:03:55,317 - werkzeug - WARNING -  * Debugger is active!
2025-06-08 15:03:56,503 - torrentDownloaderUI - DEBUG - Current download_rate_limit from session: 0 bytes/s
2025-06-08 15:03:56,505 - torrentDownloaderUI - DEBUG - Current upload_rate_limit from session: 0 bytes/s
2025-06-08 15:03:56,505 - torrentDownloaderUI - DEBUG - Current active_downloads_limit from session: 20
2025-06-08 15:03:56,523 - urllib3.connectionpool - DEBUG - Starting new HTTP connection (1): ip-api.com:80
2025-06-08 15:03:57,208 - urllib3.connectionpool - DEBUG - http://ip-api.com:80 "GET /json?fields=status,message,query,country,regionName,city HTTP/1.1" 200 101
2025-06-08 15:03:59,652 - torrentDownloaderUI - DEBUG - Current download_rate_limit from session: 0 bytes/s
2025-06-08 15:03:59,652 - torrentDownloaderUI - DEBUG - Current upload_rate_limit from session: 0 bytes/s
2025-06-08 15:03:59,653 - torrentDownloaderUI - DEBUG - Current active_downloads_limit from session: 20
2025-06-08 15:03:59,664 - urllib3.connectionpool - DEBUG - Starting new HTTP connection (1): ip-api.com:80
2025-06-08 15:04:00,052 - urllib3.connectionpool - DEBUG - http://ip-api.com:80 "GET /json?fields=status,message,query,country,regionName,city HTTP/1.1" 200 101
2025-06-08 15:04:17,382 - __main__ - INFO - Download path updated to: C:\Users\STK911\Downloads\PythonTorrentDownloader
2025-06-08 15:04:21,403 - torrentDownloaderUI - DEBUG - Current download_rate_limit from session: 0 bytes/s
2025-06-08 15:04:21,403 - torrentDownloaderUI - DEBUG - Current upload_rate_limit from session: 0 bytes/s
2025-06-08 15:04:21,403 - torrentDownloaderUI - DEBUG - Current active_downloads_limit from session: 20
2025-06-08 15:04:21,417 - urllib3.connectionpool - DEBUG - Starting new HTTP connection (1): ip-api.com:80
2025-06-08 15:04:21,640 - urllib3.connectionpool - DEBUG - http://ip-api.com:80 "GET /json?fields=status,message,query,country,regionName,city HTTP/1.1" 200 101
2025-06-08 15:04:23,842 - torrentDownloaderUI - DEBUG - Current download_rate_limit from session: 0 bytes/s
2025-06-08 15:04:23,843 - torrentDownloaderUI - DEBUG - Current upload_rate_limit from session: 0 bytes/s
2025-06-08 15:04:23,844 - torrentDownloaderUI - DEBUG - Current active_downloads_limit from session: 20
2025-06-08 15:04:23,858 - urllib3.connectionpool - DEBUG - Starting new HTTP connection (1): ip-api.com:80
2025-06-08 15:04:24,032 - urllib3.connectionpool - DEBUG - http://ip-api.com:80 "GET /json?fields=status,message,query,country,regionName,city HTTP/1.1" 200 101
2025-06-08 15:04:32,017 - torrentDownloaderUI - DEBUG - Save path set to: C:\Users\STK911\Downloads\PythonTorrentDownloader
2025-06-08 15:04:32,018 - torrentDownloaderUI - DEBUG - Attempting to add torrent: magnet:?xt=urn:btih:784c6196f7871af3418d29a6faf979...
2025-06-08 15:04:32,018 - torrentDownloaderUI - DEBUG - Save directory created/verified: C:\Users\STK911\Downloads\PythonTorrentDownloader
2025-06-08 15:04:32,018 - torrentDownloaderUI - DEBUG - Adding magnet link: magnet:?xt=urn:btih:784c6196f7871af3418d29a6faf9790eabe35a74...
2025-06-08 15:04:32,020 - torrentDownloaderUI - DEBUG - Forcing recheck of existing files...
2025-06-08 15:04:32,021 - torrentDownloaderUI - INFO - Successfully added magnet link, handle: <libtorrent.torrent_handle object at 0x0000020CBC43E880>
2025-06-08 15:04:32,021 - torrentDownloaderUI - DEBUG - Torrent handle is valid: <libtorrent.torrent_handle object at 0x0000020CBC43E880>
2025-06-08 15:04:32,021 - torrentDownloaderUI - INFO - Added new magnet link to history: magnet:?xt=urn:btih:784c6196f7871af3418d29a6faf979...
2025-06-08 15:04:32,021 - torrentDownloaderUI - INFO - Successfully added torrent with handle_id: -5278096558758344037
2025-06-08 15:04:50,328 - torrentDownloaderUI - INFO - Torrent 'www.5MovieRulz.realty - Devika & Danny (2025) 1080p S01 EP (01-07) TRUE WEB-DL - AVC - [Tel + Tam + Hin + Mal + Kan]' (ID: -5278096558758344037) marked as completed and added to completed list.
2025-06-08 15:04:53,636 - torrentDownloaderUI - INFO - Attempting to pause all active torrents.
2025-06-08 15:04:53,637 - torrentDownloaderUI - INFO - Paused torrent:  (ID: -5278096558758344037)
2025-06-08 15:04:53,638 - torrentDownloaderUI - INFO - Finished attempting to pause all torrents. Paused: 1
2025-06-08 15:06:14,898 - torrentDownloaderUI - DEBUG - Current download_rate_limit from session: 0 bytes/s
2025-06-08 15:06:14,898 - torrentDownloaderUI - DEBUG - Current upload_rate_limit from session: 0 bytes/s
2025-06-08 15:06:14,899 - torrentDownloaderUI - DEBUG - Current active_downloads_limit from session: 20
2025-06-08 15:06:14,928 - urllib3.connectionpool - DEBUG - Starting new HTTP connection (1): ip-api.com:80
2025-06-08 15:06:15,274 - urllib3.connectionpool - DEBUG - http://ip-api.com:80 "GET /json?fields=status,message,query,country,regionName,city HTTP/1.1" 200 101
2025-06-08 15:08:18,279 - torrentDownloaderUI - DEBUG - Current download_rate_limit from session: 0 bytes/s
2025-06-08 15:08:18,280 - torrentDownloaderUI - DEBUG - Current upload_rate_limit from session: 0 bytes/s
2025-06-08 15:08:18,281 - torrentDownloaderUI - DEBUG - Current active_downloads_limit from session: 20
2025-06-08 15:08:18,297 - urllib3.connectionpool - DEBUG - Starting new HTTP connection (1): ip-api.com:80
2025-06-08 15:08:18,702 - urllib3.connectionpool - DEBUG - http://ip-api.com:80 "GET /json?fields=status,message,query,country,regionName,city HTTP/1.1" 200 101
2025-06-08 15:11:16,353 - torrentDownloaderUI - DEBUG - Current download_rate_limit from session: 0 bytes/s
2025-06-08 15:11:16,354 - torrentDownloaderUI - DEBUG - Current upload_rate_limit from session: 0 bytes/s
2025-06-08 15:11:16,354 - torrentDownloaderUI - DEBUG - Current active_downloads_limit from session: 20
2025-06-08 15:11:16,372 - urllib3.connectionpool - DEBUG - Starting new HTTP connection (1): ip-api.com:80
2025-06-08 15:11:16,610 - urllib3.connectionpool - DEBUG - http://ip-api.com:80 "GET /json?fields=status,message,query,country,regionName,city HTTP/1.1" 200 101
2025-06-08 15:25:43,185 - werkzeug - WARNING -  * Debugger is active!
2025-06-08 15:27:09,749 - torrentDownloaderUI - DEBUG - Current download_rate_limit from session: 0 bytes/s
2025-06-08 15:27:09,750 - torrentDownloaderUI - DEBUG - Current upload_rate_limit from session: 0 bytes/s
2025-06-08 15:27:09,750 - torrentDownloaderUI - DEBUG - Current active_downloads_limit from session: 20
2025-06-08 15:27:09,774 - urllib3.connectionpool - DEBUG - Starting new HTTP connection (1): ip-api.com:80
2025-06-08 15:27:09,861 - urllib3.connectionpool - DEBUG - http://ip-api.com:80 "GET /json?fields=status,message,query,country,regionName,city HTTP/1.1" 200 112
2025-06-08 15:29:58,722 - werkzeug - WARNING -  * Debugger is active!
2025-06-08 15:31:49,936 - torrentDownloaderUI - DEBUG - Current download_rate_limit from session: 0 bytes/s
2025-06-08 15:31:49,938 - torrentDownloaderUI - DEBUG - Current upload_rate_limit from session: 0 bytes/s
2025-06-08 15:31:49,938 - torrentDownloaderUI - DEBUG - Current active_downloads_limit from session: 20
2025-06-08 15:31:49,959 - urllib3.connectionpool - DEBUG - Starting new HTTP connection (1): ip-api.com:80
2025-06-08 15:31:50,030 - urllib3.connectionpool - DEBUG - http://ip-api.com:80 "GET /json?fields=status,message,query,country,regionName,city HTTP/1.1" 200 112
2025-06-08 15:31:51,041 - torrentDownloaderUI - DEBUG - Current download_rate_limit from session: 0 bytes/s
2025-06-08 15:31:51,042 - torrentDownloaderUI - DEBUG - Current upload_rate_limit from session: 0 bytes/s
2025-06-08 15:31:51,043 - torrentDownloaderUI - DEBUG - Current active_downloads_limit from session: 20
2025-06-08 15:31:51,048 - urllib3.connectionpool - DEBUG - Starting new HTTP connection (1): ip-api.com:80
2025-06-08 15:31:51,117 - urllib3.connectionpool - DEBUG - http://ip-api.com:80 "GET /json?fields=status,message,query,country,regionName,city HTTP/1.1" 200 112
2025-06-08 15:32:16,205 - torrentDownloaderUI - DEBUG - Current download_rate_limit from session: 0 bytes/s
2025-06-08 15:32:16,205 - torrentDownloaderUI - DEBUG - Current upload_rate_limit from session: 0 bytes/s
2025-06-08 15:32:16,205 - torrentDownloaderUI - DEBUG - Current active_downloads_limit from session: 20
2025-06-08 15:32:16,213 - urllib3.connectionpool - DEBUG - Starting new HTTP connection (1): ip-api.com:80
2025-06-08 15:32:16,556 - urllib3.connectionpool - DEBUG - http://ip-api.com:80 "GET /json?fields=status,message,query,country,regionName,city HTTP/1.1" 200 112
2025-06-08 15:34:21,588 - torrentDownloaderUI - DEBUG - Current download_rate_limit from session: 0 bytes/s
2025-06-08 15:34:21,589 - torrentDownloaderUI - DEBUG - Current upload_rate_limit from session: 0 bytes/s
2025-06-08 15:34:21,589 - torrentDownloaderUI - DEBUG - Current active_downloads_limit from session: 20
2025-06-08 15:34:21,629 - urllib3.connectionpool - DEBUG - Starting new HTTP connection (1): ip-api.com:80
2025-06-08 15:34:21,793 - urllib3.connectionpool - DEBUG - http://ip-api.com:80 "GET /json?fields=status,message,query,country,regionName,city HTTP/1.1" 200 112
2025-06-08 15:34:28,126 - torrentDownloaderUI - DEBUG - Current download_rate_limit from session: 0 bytes/s
2025-06-08 15:34:28,127 - torrentDownloaderUI - DEBUG - Current upload_rate_limit from session: 0 bytes/s
2025-06-08 15:34:28,128 - torrentDownloaderUI - DEBUG - Current active_downloads_limit from session: 20
2025-06-08 15:34:28,147 - urllib3.connectionpool - DEBUG - Starting new HTTP connection (1): ip-api.com:80
2025-06-08 15:34:28,241 - urllib3.connectionpool - DEBUG - http://ip-api.com:80 "GET /json?fields=status,message,query,country,regionName,city HTTP/1.1" 200 112
2025-06-08 15:34:29,483 - torrentDownloaderUI - DEBUG - Current download_rate_limit from session: 0 bytes/s
2025-06-08 15:34:29,483 - torrentDownloaderUI - DEBUG - Current upload_rate_limit from session: 0 bytes/s
2025-06-08 15:34:29,485 - torrentDownloaderUI - DEBUG - Current active_downloads_limit from session: 20
2025-06-08 15:34:29,493 - urllib3.connectionpool - DEBUG - Starting new HTTP connection (1): ip-api.com:80
2025-06-08 15:34:29,543 - urllib3.connectionpool - DEBUG - http://ip-api.com:80 "GET /json?fields=status,message,query,country,regionName,city HTTP/1.1" 200 112
2025-06-08 15:34:33,212 - werkzeug - WARNING -  * Debugger is active!
2025-06-08 15:35:16,970 - torrentDownloaderUI - DEBUG - Current download_rate_limit from session: 0 bytes/s
2025-06-08 15:35:16,971 - torrentDownloaderUI - DEBUG - Current upload_rate_limit from session: 0 bytes/s
2025-06-08 15:35:16,972 - torrentDownloaderUI - DEBUG - Current active_downloads_limit from session: 20
2025-06-08 15:35:16,986 - urllib3.connectionpool - DEBUG - Starting new HTTP connection (1): ip-api.com:80
2025-06-08 15:35:17,056 - urllib3.connectionpool - DEBUG - http://ip-api.com:80 "GET /json?fields=status,message,query,country,regionName,city HTTP/1.1" 200 112
2025-06-08 15:35:17,923 - torrentDownloaderUI - DEBUG - Current download_rate_limit from session: 0 bytes/s
2025-06-08 15:35:17,925 - torrentDownloaderUI - DEBUG - Current upload_rate_limit from session: 0 bytes/s
2025-06-08 15:35:17,925 - torrentDownloaderUI - DEBUG - Current active_downloads_limit from session: 20
2025-06-08 15:35:17,937 - urllib3.connectionpool - DEBUG - Starting new HTTP connection (1): ip-api.com:80
2025-06-08 15:35:18,002 - urllib3.connectionpool - DEBUG - http://ip-api.com:80 "GET /json?fields=status,message,query,country,regionName,city HTTP/1.1" 200 112
2025-06-08 15:36:04,083 - torrentDownloaderUI - DEBUG - Current download_rate_limit from session: 0 bytes/s
2025-06-08 15:36:04,084 - torrentDownloaderUI - DEBUG - Current upload_rate_limit from session: 0 bytes/s
2025-06-08 15:36:04,084 - torrentDownloaderUI - DEBUG - Current active_downloads_limit from session: 20
2025-06-08 15:36:04,096 - urllib3.connectionpool - DEBUG - Starting new HTTP connection (1): ip-api.com:80
2025-06-08 15:36:04,201 - urllib3.connectionpool - DEBUG - http://ip-api.com:80 "GET /json?fields=status,message,query,country,regionName,city HTTP/1.1" 200 112
2025-06-08 15:36:55,354 - werkzeug - WARNING -  * Debugger is active!
2025-06-08 15:38:12,108 - torrentDownloaderUI - DEBUG - Current download_rate_limit from session: 0 bytes/s
2025-06-08 15:38:12,109 - torrentDownloaderUI - DEBUG - Current upload_rate_limit from session: 0 bytes/s
2025-06-08 15:38:12,109 - torrentDownloaderUI - DEBUG - Current active_downloads_limit from session: 20
2025-06-08 15:38:12,126 - urllib3.connectionpool - DEBUG - Starting new HTTP connection (1): ip-api.com:80
2025-06-08 15:38:12,221 - urllib3.connectionpool - DEBUG - http://ip-api.com:80 "GET /json?fields=status,message,query,country,regionName,city HTTP/1.1" 200 112
2025-06-08 15:38:13,255 - torrentDownloaderUI - DEBUG - Current download_rate_limit from session: 0 bytes/s
2025-06-08 15:38:13,257 - torrentDownloaderUI - DEBUG - Current upload_rate_limit from session: 0 bytes/s
2025-06-08 15:38:13,257 - torrentDownloaderUI - DEBUG - Current active_downloads_limit from session: 20
2025-06-08 15:38:13,272 - urllib3.connectionpool - DEBUG - Starting new HTTP connection (1): ip-api.com:80
2025-06-08 15:38:13,340 - urllib3.connectionpool - DEBUG - http://ip-api.com:80 "GET /json?fields=status,message,query,country,regionName,city HTTP/1.1" 200 112
2025-06-08 15:38:36,692 - torrentDownloaderUI - DEBUG - Current download_rate_limit from session: 0 bytes/s
2025-06-08 15:38:36,692 - torrentDownloaderUI - DEBUG - Current upload_rate_limit from session: 0 bytes/s
2025-06-08 15:38:36,693 - torrentDownloaderUI - DEBUG - Current active_downloads_limit from session: 20
2025-06-08 15:38:36,706 - urllib3.connectionpool - DEBUG - Starting new HTTP connection (1): ip-api.com:80
2025-06-08 15:38:36,758 - urllib3.connectionpool - DEBUG - http://ip-api.com:80 "GET /json?fields=status,message,query,country,regionName,city HTTP/1.1" 200 112
2025-06-08 15:39:26,516 - werkzeug - WARNING -  * Debugger is active!
2025-06-08 15:39:37,422 - torrentDownloaderUI - DEBUG - Current download_rate_limit from session: 0 bytes/s
2025-06-08 15:39:37,423 - torrentDownloaderUI - DEBUG - Current upload_rate_limit from session: 0 bytes/s
2025-06-08 15:39:37,423 - torrentDownloaderUI - DEBUG - Current active_downloads_limit from session: 20
2025-06-08 15:39:37,442 - urllib3.connectionpool - DEBUG - Starting new HTTP connection (1): ip-api.com:80
2025-06-08 15:39:37,526 - urllib3.connectionpool - DEBUG - http://ip-api.com:80 "GET /json?fields=status,message,query,country,regionName,city HTTP/1.1" 200 112
2025-06-08 15:40:58,514 - werkzeug - WARNING -  * Debugger is active!
2025-06-08 15:41:21,332 - werkzeug - WARNING -  * Debugger is active!
2025-06-08 15:41:36,074 - werkzeug - WARNING -  * Debugger is active!
2025-06-08 15:41:45,950 - torrentDownloaderUI - DEBUG - Current download_rate_limit from session: 0 bytes/s
2025-06-08 15:41:45,950 - torrentDownloaderUI - DEBUG - Current upload_rate_limit from session: 0 bytes/s
2025-06-08 15:41:45,950 - torrentDownloaderUI - DEBUG - Current active_downloads_limit from session: 20
2025-06-08 15:41:45,968 - urllib3.connectionpool - DEBUG - Starting new HTTP connection (1): ip-api.com:80
2025-06-08 15:41:46,037 - urllib3.connectionpool - DEBUG - http://ip-api.com:80 "GET /json?fields=status,message,query,country,regionName,city HTTP/1.1" 200 112
2025-06-08 15:42:05,524 - werkzeug - WARNING -  * Debugger is active!
2025-06-08 15:42:07,306 - torrentDownloaderUI - DEBUG - Current download_rate_limit from session: 0 bytes/s
2025-06-08 15:42:07,309 - torrentDownloaderUI - DEBUG - Current upload_rate_limit from session: 0 bytes/s
2025-06-08 15:42:07,309 - torrentDownloaderUI - DEBUG - Current active_downloads_limit from session: 20
2025-06-08 15:42:07,316 - urllib3.connectionpool - DEBUG - Starting new HTTP connection (1): ip-api.com:80
2025-06-08 15:42:07,372 - urllib3.connectionpool - DEBUG - http://ip-api.com:80 "GET /json?fields=status,message,query,country,regionName,city HTTP/1.1" 200 112
2025-06-08 15:42:08,240 - torrentDownloaderUI - DEBUG - Current download_rate_limit from session: 0 bytes/s
2025-06-08 15:42:08,240 - torrentDownloaderUI - DEBUG - Current upload_rate_limit from session: 0 bytes/s
2025-06-08 15:42:08,242 - torrentDownloaderUI - DEBUG - Current active_downloads_limit from session: 20
2025-06-08 15:42:08,251 - urllib3.connectionpool - DEBUG - Starting new HTTP connection (1): ip-api.com:80
2025-06-08 15:42:08,325 - urllib3.connectionpool - DEBUG - http://ip-api.com:80 "GET /json?fields=status,message,query,country,regionName,city HTTP/1.1" 200 112
2025-06-08 15:42:08,908 - torrentDownloaderUI - DEBUG - Current download_rate_limit from session: 0 bytes/s
2025-06-08 15:42:08,909 - torrentDownloaderUI - DEBUG - Current upload_rate_limit from session: 0 bytes/s
2025-06-08 15:42:08,909 - torrentDownloaderUI - DEBUG - Current active_downloads_limit from session: 20
2025-06-08 15:42:08,916 - urllib3.connectionpool - DEBUG - Starting new HTTP connection (1): ip-api.com:80
2025-06-08 15:42:08,996 - urllib3.connectionpool - DEBUG - http://ip-api.com:80 "GET /json?fields=status,message,query,country,regionName,city HTTP/1.1" 200 112
2025-06-08 15:42:28,308 - werkzeug - WARNING -  * Debugger is active!
2025-06-08 15:42:35,705 - torrentDownloaderUI - DEBUG - Current download_rate_limit from session: 0 bytes/s
2025-06-08 15:42:35,707 - torrentDownloaderUI - DEBUG - Current upload_rate_limit from session: 0 bytes/s
2025-06-08 15:42:35,707 - torrentDownloaderUI - DEBUG - Current active_downloads_limit from session: 20
2025-06-08 15:42:35,713 - urllib3.connectionpool - DEBUG - Starting new HTTP connection (1): ip-api.com:80
2025-06-08 15:42:35,805 - urllib3.connectionpool - DEBUG - http://ip-api.com:80 "GET /json?fields=status,message,query,country,regionName,city HTTP/1.1" 200 112
2025-06-08 15:42:42,931 - torrentDownloaderUI - DEBUG - Current download_rate_limit from session: 0 bytes/s
2025-06-08 15:42:42,932 - torrentDownloaderUI - DEBUG - Current upload_rate_limit from session: 0 bytes/s
2025-06-08 15:42:42,933 - torrentDownloaderUI - DEBUG - Current active_downloads_limit from session: 20
2025-06-08 15:42:42,938 - urllib3.connectionpool - DEBUG - Starting new HTTP connection (1): ip-api.com:80
2025-06-08 15:42:42,995 - urllib3.connectionpool - DEBUG - http://ip-api.com:80 "GET /json?fields=status,message,query,country,regionName,city HTTP/1.1" 200 112
2025-06-08 15:44:30,101 - torrentDownloaderUI - DEBUG - Current download_rate_limit from session: 0 bytes/s
2025-06-08 15:44:30,101 - torrentDownloaderUI - DEBUG - Current upload_rate_limit from session: 0 bytes/s
2025-06-08 15:44:30,102 - torrentDownloaderUI - DEBUG - Current active_downloads_limit from session: 20
2025-06-08 15:44:30,109 - urllib3.connectionpool - DEBUG - Starting new HTTP connection (1): ip-api.com:80
2025-06-08 15:44:30,215 - urllib3.connectionpool - DEBUG - http://ip-api.com:80 "GET /json?fields=status,message,query,country,regionName,city HTTP/1.1" 200 112
2025-06-08 15:44:30,943 - torrentDownloaderUI - DEBUG - Current download_rate_limit from session: 0 bytes/s
2025-06-08 15:44:30,944 - torrentDownloaderUI - DEBUG - Current upload_rate_limit from session: 0 bytes/s
2025-06-08 15:44:30,945 - torrentDownloaderUI - DEBUG - Current active_downloads_limit from session: 20
2025-06-08 15:44:30,950 - urllib3.connectionpool - DEBUG - Starting new HTTP connection (1): ip-api.com:80
2025-06-08 15:44:31,010 - urllib3.connectionpool - DEBUG - http://ip-api.com:80 "GET /json?fields=status,message,query,country,regionName,city HTTP/1.1" 200 112
2025-06-08 15:45:44,994 - torrentDownloaderUI - DEBUG - Current download_rate_limit from session: 0 bytes/s
2025-06-08 15:45:44,994 - torrentDownloaderUI - DEBUG - Current upload_rate_limit from session: 0 bytes/s
2025-06-08 15:45:44,995 - torrentDownloaderUI - DEBUG - Current active_downloads_limit from session: 20
2025-06-08 15:45:45,008 - urllib3.connectionpool - DEBUG - Starting new HTTP connection (1): ip-api.com:80
2025-06-08 15:45:45,097 - urllib3.connectionpool - DEBUG - http://ip-api.com:80 "GET /json?fields=status,message,query,country,regionName,city HTTP/1.1" 200 112
2025-06-08 15:46:08,751 - werkzeug - WARNING -  * Debugger is active!
2025-06-08 15:46:45,991 - torrentDownloaderUI - DEBUG - Current download_rate_limit from session: 0 bytes/s
2025-06-08 15:46:45,991 - torrentDownloaderUI - DEBUG - Current upload_rate_limit from session: 0 bytes/s
2025-06-08 15:46:45,993 - torrentDownloaderUI - DEBUG - Current active_downloads_limit from session: 20
2025-06-08 15:46:46,001 - urllib3.connectionpool - DEBUG - Starting new HTTP connection (1): ip-api.com:80
2025-06-08 15:46:46,089 - urllib3.connectionpool - DEBUG - http://ip-api.com:80 "GET /json?fields=status,message,query,country,regionName,city HTTP/1.1" 200 112
2025-06-08 15:46:46,771 - torrentDownloaderUI - DEBUG - Current download_rate_limit from session: 0 bytes/s
2025-06-08 15:46:46,772 - torrentDownloaderUI - DEBUG - Current upload_rate_limit from session: 0 bytes/s
2025-06-08 15:46:46,772 - torrentDownloaderUI - DEBUG - Current active_downloads_limit from session: 20
2025-06-08 15:46:46,789 - urllib3.connectionpool - DEBUG - Starting new HTTP connection (1): ip-api.com:80
2025-06-08 15:46:46,889 - urllib3.connectionpool - DEBUG - http://ip-api.com:80 "GET /json?fields=status,message,query,country,regionName,city HTTP/1.1" 200 112
2025-06-08 15:49:29,025 - werkzeug - WARNING -  * Debugger is active!
2025-06-08 15:49:34,678 - torrentDownloaderUI - DEBUG - Current download_rate_limit from session: 0 bytes/s
2025-06-08 15:49:34,681 - torrentDownloaderUI - DEBUG - Current upload_rate_limit from session: 0 bytes/s
2025-06-08 15:49:34,683 - torrentDownloaderUI - DEBUG - Current active_downloads_limit from session: 20
2025-06-08 15:49:34,689 - urllib3.connectionpool - DEBUG - Starting new HTTP connection (1): ip-api.com:80
2025-06-08 15:49:34,800 - urllib3.connectionpool - DEBUG - http://ip-api.com:80 "GET /json?fields=status,message,query,country,regionName,city HTTP/1.1" 200 112
2025-06-08 15:49:35,531 - torrentDownloaderUI - DEBUG - Current download_rate_limit from session: 0 bytes/s
2025-06-08 15:49:35,531 - torrentDownloaderUI - DEBUG - Current upload_rate_limit from session: 0 bytes/s
2025-06-08 15:49:35,531 - torrentDownloaderUI - DEBUG - Current active_downloads_limit from session: 20
2025-06-08 15:49:35,537 - urllib3.connectionpool - DEBUG - Starting new HTTP connection (1): ip-api.com:80
2025-06-08 15:49:35,611 - urllib3.connectionpool - DEBUG - http://ip-api.com:80 "GET /json?fields=status,message,query,country,regionName,city HTTP/1.1" 200 112
2025-06-08 15:49:36,483 - torrentDownloaderUI - DEBUG - Current download_rate_limit from session: 0 bytes/s
2025-06-08 15:49:36,484 - torrentDownloaderUI - DEBUG - Current upload_rate_limit from session: 0 bytes/s
2025-06-08 15:49:36,484 - torrentDownloaderUI - DEBUG - Current active_downloads_limit from session: 20
2025-06-08 15:49:36,495 - urllib3.connectionpool - DEBUG - Starting new HTTP connection (1): ip-api.com:80
2025-06-08 15:49:36,566 - urllib3.connectionpool - DEBUG - http://ip-api.com:80 "GET /json?fields=status,message,query,country,regionName,city HTTP/1.1" 200 112
2025-06-08 15:50:31,906 - werkzeug - WARNING -  * Debugger is active!
2025-06-08 15:51:26,887 - torrentDownloaderUI - DEBUG - Current download_rate_limit from session: 0 bytes/s
2025-06-08 15:51:26,891 - torrentDownloaderUI - DEBUG - Current upload_rate_limit from session: 0 bytes/s
2025-06-08 15:51:26,891 - torrentDownloaderUI - DEBUG - Current active_downloads_limit from session: 20
2025-06-08 15:51:26,898 - urllib3.connectionpool - DEBUG - Starting new HTTP connection (1): ip-api.com:80
2025-06-08 15:51:27,024 - urllib3.connectionpool - DEBUG - http://ip-api.com:80 "GET /json?fields=status,message,query,country,regionName,city HTTP/1.1" 200 112
2025-06-08 15:51:27,681 - torrentDownloaderUI - DEBUG - Current download_rate_limit from session: 0 bytes/s
2025-06-08 15:51:27,681 - torrentDownloaderUI - DEBUG - Current upload_rate_limit from session: 0 bytes/s
2025-06-08 15:51:27,681 - torrentDownloaderUI - DEBUG - Current active_downloads_limit from session: 20
2025-06-08 15:51:27,692 - urllib3.connectionpool - DEBUG - Starting new HTTP connection (1): ip-api.com:80
2025-06-08 15:51:27,775 - urllib3.connectionpool - DEBUG - http://ip-api.com:80 "GET /json?fields=status,message,query,country,regionName,city HTTP/1.1" 200 112
2025-06-08 15:51:28,450 - torrentDownloaderUI - DEBUG - Current download_rate_limit from session: 0 bytes/s
2025-06-08 15:51:28,451 - torrentDownloaderUI - DEBUG - Current upload_rate_limit from session: 0 bytes/s
2025-06-08 15:51:28,452 - torrentDownloaderUI - DEBUG - Current active_downloads_limit from session: 20
2025-06-08 15:51:28,459 - urllib3.connectionpool - DEBUG - Starting new HTTP connection (1): ip-api.com:80
2025-06-08 15:51:28,514 - urllib3.connectionpool - DEBUG - http://ip-api.com:80 "GET /json?fields=status,message,query,country,regionName,city HTTP/1.1" 200 112
2025-06-08 15:52:01,977 - werkzeug - WARNING -  * Debugger is active!
2025-06-08 16:03:15,206 - torrentDownloaderUI - DEBUG - Current download_rate_limit from session: 0 bytes/s
2025-06-08 16:03:15,208 - torrentDownloaderUI - DEBUG - Current upload_rate_limit from session: 0 bytes/s
2025-06-08 16:03:15,209 - torrentDownloaderUI - DEBUG - Current active_downloads_limit from session: 20
2025-06-08 16:03:15,221 - urllib3.connectionpool - DEBUG - Starting new HTTP connection (1): ip-api.com:80
2025-06-08 16:03:15,323 - urllib3.connectionpool - DEBUG - http://ip-api.com:80 "GET /json?fields=status,message,query,country,regionName,city HTTP/1.1" 200 112
2025-06-08 16:03:17,324 - torrentDownloaderUI - DEBUG - Current download_rate_limit from session: 0 bytes/s
2025-06-08 16:03:17,325 - torrentDownloaderUI - DEBUG - Current upload_rate_limit from session: 0 bytes/s
2025-06-08 16:03:17,325 - torrentDownloaderUI - DEBUG - Current active_downloads_limit from session: 20
2025-06-08 16:03:17,336 - urllib3.connectionpool - DEBUG - Starting new HTTP connection (1): ip-api.com:80
2025-06-08 16:03:17,389 - urllib3.connectionpool - DEBUG - http://ip-api.com:80 "GET /json?fields=status,message,query,country,regionName,city HTTP/1.1" 200 112
2025-06-08 16:04:03,232 - werkzeug - WARNING -  * Debugger is active!
2025-06-08 16:04:26,803 - torrentDownloaderUI - DEBUG - Current download_rate_limit from session: 0 bytes/s
2025-06-08 16:04:26,805 - torrentDownloaderUI - DEBUG - Current upload_rate_limit from session: 0 bytes/s
2025-06-08 16:04:26,805 - torrentDownloaderUI - DEBUG - Current active_downloads_limit from session: 20
2025-06-08 16:04:26,814 - urllib3.connectionpool - DEBUG - Starting new HTTP connection (1): ip-api.com:80
2025-06-08 16:04:26,875 - urllib3.connectionpool - DEBUG - http://ip-api.com:80 "GET /json?fields=status,message,query,country,regionName,city HTTP/1.1" 200 112
2025-06-08 16:04:27,455 - torrentDownloaderUI - DEBUG - Current download_rate_limit from session: 0 bytes/s
2025-06-08 16:04:27,455 - torrentDownloaderUI - DEBUG - Current upload_rate_limit from session: 0 bytes/s
2025-06-08 16:04:27,456 - torrentDownloaderUI - DEBUG - Current active_downloads_limit from session: 20
2025-06-08 16:04:27,461 - urllib3.connectionpool - DEBUG - Starting new HTTP connection (1): ip-api.com:80
2025-06-08 16:04:27,508 - urllib3.connectionpool - DEBUG - http://ip-api.com:80 "GET /json?fields=status,message,query,country,regionName,city HTTP/1.1" 200 112
2025-06-08 16:04:56,156 - werkzeug - WARNING -  * Debugger is active!
2025-06-08 16:06:29,256 - torrentDownloaderUI - DEBUG - Current download_rate_limit from session: 0 bytes/s
2025-06-08 16:06:29,258 - torrentDownloaderUI - DEBUG - Current upload_rate_limit from session: 0 bytes/s
2025-06-08 16:06:29,259 - torrentDownloaderUI - DEBUG - Current active_downloads_limit from session: 20
2025-06-08 16:06:29,278 - urllib3.connectionpool - DEBUG - Starting new HTTP connection (1): ip-api.com:80
2025-06-08 16:06:29,376 - urllib3.connectionpool - DEBUG - http://ip-api.com:80 "GET /json?fields=status,message,query,country,regionName,city HTTP/1.1" 200 112
2025-06-08 16:06:31,085 - torrentDownloaderUI - DEBUG - Current download_rate_limit from session: 0 bytes/s
2025-06-08 16:06:31,086 - torrentDownloaderUI - DEBUG - Current upload_rate_limit from session: 0 bytes/s
2025-06-08 16:06:31,086 - torrentDownloaderUI - DEBUG - Current active_downloads_limit from session: 20
2025-06-08 16:06:31,094 - urllib3.connectionpool - DEBUG - Starting new HTTP connection (1): ip-api.com:80
2025-06-08 16:06:31,178 - urllib3.connectionpool - DEBUG - http://ip-api.com:80 "GET /json?fields=status,message,query,country,regionName,city HTTP/1.1" 200 112
2025-06-08 16:07:08,305 - werkzeug - WARNING -  * Debugger is active!
2025-06-08 16:07:25,162 - torrentDownloaderUI - DEBUG - Current download_rate_limit from session: 0 bytes/s
2025-06-08 16:07:25,163 - torrentDownloaderUI - DEBUG - Current upload_rate_limit from session: 0 bytes/s
2025-06-08 16:07:25,164 - torrentDownloaderUI - DEBUG - Current active_downloads_limit from session: 20
2025-06-08 16:07:25,183 - urllib3.connectionpool - DEBUG - Starting new HTTP connection (1): ip-api.com:80
2025-06-08 16:07:25,269 - urllib3.connectionpool - DEBUG - http://ip-api.com:80 "GET /json?fields=status,message,query,country,regionName,city HTTP/1.1" 200 112
2025-06-08 16:07:25,860 - torrentDownloaderUI - DEBUG - Current download_rate_limit from session: 0 bytes/s
2025-06-08 16:07:25,861 - torrentDownloaderUI - DEBUG - Current upload_rate_limit from session: 0 bytes/s
2025-06-08 16:07:25,861 - torrentDownloaderUI - DEBUG - Current active_downloads_limit from session: 20
2025-06-08 16:07:25,871 - urllib3.connectionpool - DEBUG - Starting new HTTP connection (1): ip-api.com:80
2025-06-08 16:07:25,943 - urllib3.connectionpool - DEBUG - http://ip-api.com:80 "GET /json?fields=status,message,query,country,regionName,city HTTP/1.1" 200 112
2025-06-08 16:07:58,175 - werkzeug - WARNING -  * Debugger is active!
2025-06-08 16:08:14,885 - torrentDownloaderUI - DEBUG - Current download_rate_limit from session: 0 bytes/s
2025-06-08 16:08:14,886 - torrentDownloaderUI - DEBUG - Current upload_rate_limit from session: 0 bytes/s
2025-06-08 16:08:14,887 - torrentDownloaderUI - DEBUG - Current active_downloads_limit from session: 20
2025-06-08 16:08:14,901 - urllib3.connectionpool - DEBUG - Starting new HTTP connection (1): ip-api.com:80
2025-06-08 16:08:14,991 - urllib3.connectionpool - DEBUG - http://ip-api.com:80 "GET /json?fields=status,message,query,country,regionName,city HTTP/1.1" 200 112
2025-06-08 16:08:15,504 - torrentDownloaderUI - DEBUG - Current download_rate_limit from session: 0 bytes/s
2025-06-08 16:08:15,506 - torrentDownloaderUI - DEBUG - Current upload_rate_limit from session: 0 bytes/s
2025-06-08 16:08:15,506 - torrentDownloaderUI - DEBUG - Current active_downloads_limit from session: 20
2025-06-08 16:08:15,512 - urllib3.connectionpool - DEBUG - Starting new HTTP connection (1): ip-api.com:80
2025-06-08 16:08:15,572 - urllib3.connectionpool - DEBUG - http://ip-api.com:80 "GET /json?fields=status,message,query,country,regionName,city HTTP/1.1" 200 112
2025-06-08 16:08:16,117 - torrentDownloaderUI - DEBUG - Current download_rate_limit from session: 0 bytes/s
2025-06-08 16:08:16,118 - torrentDownloaderUI - DEBUG - Current upload_rate_limit from session: 0 bytes/s
2025-06-08 16:08:16,118 - torrentDownloaderUI - DEBUG - Current active_downloads_limit from session: 20
2025-06-08 16:08:16,132 - urllib3.connectionpool - DEBUG - Starting new HTTP connection (1): ip-api.com:80
2025-06-08 16:08:16,204 - urllib3.connectionpool - DEBUG - http://ip-api.com:80 "GET /json?fields=status,message,query,country,regionName,city HTTP/1.1" 200 112
2025-06-08 16:08:29,469 - torrentDownloaderUI - DEBUG - Current download_rate_limit from session: 0 bytes/s
2025-06-08 16:08:29,470 - torrentDownloaderUI - DEBUG - Current upload_rate_limit from session: 0 bytes/s
2025-06-08 16:08:29,470 - torrentDownloaderUI - DEBUG - Current active_downloads_limit from session: 20
2025-06-08 16:08:29,484 - urllib3.connectionpool - DEBUG - Starting new HTTP connection (1): ip-api.com:80
2025-06-08 16:08:29,550 - urllib3.connectionpool - DEBUG - http://ip-api.com:80 "GET /json?fields=status,message,query,country,regionName,city HTTP/1.1" 200 112
2025-06-08 16:09:35,740 - torrentDownloaderUI - DEBUG - Current download_rate_limit from session: 0 bytes/s
2025-06-08 16:09:35,742 - torrentDownloaderUI - DEBUG - Current upload_rate_limit from session: 0 bytes/s
2025-06-08 16:09:35,743 - torrentDownloaderUI - DEBUG - Current active_downloads_limit from session: 20
2025-06-08 16:09:35,762 - urllib3.connectionpool - DEBUG - Starting new HTTP connection (1): ip-api.com:80
2025-06-08 16:09:35,849 - urllib3.connectionpool - DEBUG - http://ip-api.com:80 "GET /json?fields=status,message,query,country,regionName,city HTTP/1.1" 200 112
2025-06-08 16:09:36,550 - torrentDownloaderUI - DEBUG - Current download_rate_limit from session: 0 bytes/s
2025-06-08 16:09:36,550 - torrentDownloaderUI - DEBUG - Current upload_rate_limit from session: 0 bytes/s
2025-06-08 16:09:36,550 - torrentDownloaderUI - DEBUG - Current active_downloads_limit from session: 20
2025-06-08 16:09:36,556 - urllib3.connectionpool - DEBUG - Starting new HTTP connection (1): ip-api.com:80
2025-06-08 16:09:36,639 - urllib3.connectionpool - DEBUG - http://ip-api.com:80 "GET /json?fields=status,message,query,country,regionName,city HTTP/1.1" 200 112
2025-06-08 16:10:58,092 - torrentDownloaderUI - DEBUG - Current download_rate_limit from session: 0 bytes/s
2025-06-08 16:10:58,096 - torrentDownloaderUI - DEBUG - Current upload_rate_limit from session: 0 bytes/s
2025-06-08 16:10:58,097 - torrentDownloaderUI - DEBUG - Current active_downloads_limit from session: 20
2025-06-08 16:10:58,111 - urllib3.connectionpool - DEBUG - Starting new HTTP connection (1): ip-api.com:80
2025-06-08 16:10:58,207 - urllib3.connectionpool - DEBUG - http://ip-api.com:80 "GET /json?fields=status,message,query,country,regionName,city HTTP/1.1" 200 112
2025-06-08 16:11:03,950 - torrentDownloaderUI - DEBUG - Current download_rate_limit from session: 0 bytes/s
2025-06-08 16:11:03,951 - torrentDownloaderUI - DEBUG - Current upload_rate_limit from session: 0 bytes/s
2025-06-08 16:11:03,951 - torrentDownloaderUI - DEBUG - Current active_downloads_limit from session: 20
2025-06-08 16:11:03,960 - urllib3.connectionpool - DEBUG - Starting new HTTP connection (1): ip-api.com:80
2025-06-08 16:11:04,020 - urllib3.connectionpool - DEBUG - http://ip-api.com:80 "GET /json?fields=status,message,query,country,regionName,city HTTP/1.1" 200 112
2025-06-08 16:11:58,503 - torrentDownloaderUI - DEBUG - Current download_rate_limit from session: 0 bytes/s
2025-06-08 16:11:58,506 - torrentDownloaderUI - DEBUG - Current upload_rate_limit from session: 0 bytes/s
2025-06-08 16:11:58,507 - torrentDownloaderUI - DEBUG - Current active_downloads_limit from session: 20
2025-06-08 16:11:58,511 - urllib3.connectionpool - DEBUG - Starting new HTTP connection (1): ip-api.com:80
2025-06-08 16:11:58,685 - urllib3.connectionpool - DEBUG - http://ip-api.com:80 "GET /json?fields=status,message,query,country,regionName,city HTTP/1.1" 200 112
2025-06-08 16:14:14,011 - torrentDownloaderUI - DEBUG - Current download_rate_limit from session: 0 bytes/s
2025-06-08 16:14:14,012 - torrentDownloaderUI - DEBUG - Current upload_rate_limit from session: 0 bytes/s
2025-06-08 16:14:14,012 - torrentDownloaderUI - DEBUG - Current active_downloads_limit from session: 20
2025-06-08 16:14:14,027 - urllib3.connectionpool - DEBUG - Starting new HTTP connection (1): ip-api.com:80
2025-06-08 16:14:14,096 - urllib3.connectionpool - DEBUG - http://ip-api.com:80 "GET /json?fields=status,message,query,country,regionName,city HTTP/1.1" 200 112
2025-06-08 16:21:34,701 - werkzeug - WARNING -  * Debugger is active!
2025-06-08 16:25:30,243 - werkzeug - WARNING -  * Debugger is active!
2025-06-08 16:26:39,500 - werkzeug - WARNING -  * Debugger is active!
2025-06-08 16:27:02,285 - werkzeug - WARNING -  * Debugger is active!
2025-06-08 16:28:49,406 - torrentDownloaderUI - DEBUG - Current download_rate_limit from session: 0 bytes/s
2025-06-08 16:28:49,406 - torrentDownloaderUI - DEBUG - Current upload_rate_limit from session: 0 bytes/s
2025-06-08 16:28:49,410 - torrentDownloaderUI - DEBUG - Current active_downloads_limit from session: 20
2025-06-08 16:28:49,416 - urllib3.connectionpool - DEBUG - Starting new HTTP connection (1): ip-api.com:80
2025-06-08 16:28:49,481 - urllib3.connectionpool - DEBUG - http://ip-api.com:80 "GET /json?fields=status,message,query,country,regionName,city HTTP/1.1" 200 112
2025-06-08 16:29:39,749 - torrentDownloaderUI - ERROR - Error in index route: 'csrf_token' is undefined
2025-06-08 16:29:39,768 - torrentDownloaderUI - ERROR - Error in index route: 'csrf_token' is undefined
2025-06-08 16:29:39,786 - torrentDownloaderUI - ERROR - Error in index route: 'csrf_token' is undefined
2025-06-08 16:29:39,803 - torrentDownloaderUI - ERROR - Error in index route: 'csrf_token' is undefined
2025-06-08 16:29:39,820 - torrentDownloaderUI - ERROR - Error in index route: 'csrf_token' is undefined
2025-06-08 16:29:39,839 - torrentDownloaderUI - ERROR - Error in index route: 'csrf_token' is undefined
2025-06-08 16:29:39,855 - torrentDownloaderUI - ERROR - Error in index route: 'csrf_token' is undefined
2025-06-08 16:29:39,870 - torrentDownloaderUI - ERROR - Error in index route: 'csrf_token' is undefined
2025-06-08 16:29:39,885 - torrentDownloaderUI - ERROR - Error in index route: 'csrf_token' is undefined
2025-06-08 16:29:39,902 - torrentDownloaderUI - ERROR - Error in index route: 'csrf_token' is undefined
2025-06-08 16:29:41,058 - torrentDownloaderUI - ERROR - Error in index route: 'csrf_token' is undefined
2025-06-08 16:29:41,068 - torrentDownloaderUI - ERROR - Error in index route: 'csrf_token' is undefined
2025-06-08 16:29:41,079 - torrentDownloaderUI - ERROR - Error in index route: 'csrf_token' is undefined
2025-06-08 16:29:41,094 - torrentDownloaderUI - ERROR - Error in index route: 'csrf_token' is undefined
2025-06-08 16:29:41,106 - torrentDownloaderUI - ERROR - Error in index route: 'csrf_token' is undefined
2025-06-08 16:29:41,120 - torrentDownloaderUI - ERROR - Error in index route: 'csrf_token' is undefined
2025-06-08 16:29:41,133 - torrentDownloaderUI - ERROR - Error in index route: 'csrf_token' is undefined
2025-06-08 16:29:41,145 - torrentDownloaderUI - ERROR - Error in index route: 'csrf_token' is undefined
2025-06-08 16:29:41,158 - torrentDownloaderUI - ERROR - Error in index route: 'csrf_token' is undefined
2025-06-08 16:29:41,171 - torrentDownloaderUI - ERROR - Error in index route: 'csrf_token' is undefined
2025-06-08 16:29:44,776 - torrentDownloaderUI - ERROR - Error in index route: 'csrf_token' is undefined
2025-06-08 16:29:44,789 - torrentDownloaderUI - ERROR - Error in index route: 'csrf_token' is undefined
2025-06-08 16:29:44,801 - torrentDownloaderUI - ERROR - Error in index route: 'csrf_token' is undefined
2025-06-08 16:29:44,813 - torrentDownloaderUI - ERROR - Error in index route: 'csrf_token' is undefined
2025-06-08 16:29:44,824 - torrentDownloaderUI - ERROR - Error in index route: 'csrf_token' is undefined
2025-06-08 16:29:44,838 - torrentDownloaderUI - ERROR - Error in index route: 'csrf_token' is undefined
2025-06-08 16:29:44,851 - torrentDownloaderUI - ERROR - Error in index route: 'csrf_token' is undefined
2025-06-08 16:29:44,863 - torrentDownloaderUI - ERROR - Error in index route: 'csrf_token' is undefined
2025-06-08 16:29:44,874 - torrentDownloaderUI - ERROR - Error in index route: 'csrf_token' is undefined
2025-06-08 16:29:44,886 - torrentDownloaderUI - ERROR - Error in index route: 'csrf_token' is undefined
2025-06-08 16:29:46,592 - torrentDownloaderUI - ERROR - Error in index route: 'csrf_token' is undefined
2025-06-08 16:29:46,603 - torrentDownloaderUI - ERROR - Error in index route: 'csrf_token' is undefined
2025-06-08 16:29:46,617 - torrentDownloaderUI - ERROR - Error in index route: 'csrf_token' is undefined
2025-06-08 16:29:46,631 - torrentDownloaderUI - ERROR - Error in index route: 'csrf_token' is undefined
2025-06-08 16:29:46,643 - torrentDownloaderUI - ERROR - Error in index route: 'csrf_token' is undefined
2025-06-08 16:29:46,655 - torrentDownloaderUI - ERROR - Error in index route: 'csrf_token' is undefined
2025-06-08 16:29:46,667 - torrentDownloaderUI - ERROR - Error in index route: 'csrf_token' is undefined
2025-06-08 16:29:46,680 - torrentDownloaderUI - ERROR - Error in index route: 'csrf_token' is undefined
2025-06-08 16:29:46,690 - torrentDownloaderUI - ERROR - Error in index route: 'csrf_token' is undefined
2025-06-08 16:29:46,702 - torrentDownloaderUI - ERROR - Error in index route: 'csrf_token' is undefined
2025-06-08 16:29:47,738 - torrentDownloaderUI - ERROR - Error in index route: 'csrf_token' is undefined
2025-06-08 16:29:47,749 - torrentDownloaderUI - ERROR - Error in index route: 'csrf_token' is undefined
2025-06-08 16:29:47,761 - torrentDownloaderUI - ERROR - Error in index route: 'csrf_token' is undefined
2025-06-08 16:29:47,771 - torrentDownloaderUI - ERROR - Error in index route: 'csrf_token' is undefined
2025-06-08 16:29:47,783 - torrentDownloaderUI - ERROR - Error in index route: 'csrf_token' is undefined
2025-06-08 16:29:47,794 - torrentDownloaderUI - ERROR - Error in index route: 'csrf_token' is undefined
2025-06-08 16:29:47,804 - torrentDownloaderUI - ERROR - Error in index route: 'csrf_token' is undefined
2025-06-08 16:29:47,816 - torrentDownloaderUI - ERROR - Error in index route: 'csrf_token' is undefined
2025-06-08 16:29:47,828 - torrentDownloaderUI - ERROR - Error in index route: 'csrf_token' is undefined
2025-06-08 16:29:47,840 - torrentDownloaderUI - ERROR - Error in index route: 'csrf_token' is undefined
2025-06-08 16:29:52,881 - torrentDownloaderUI - ERROR - Error in index route: 'csrf_token' is undefined
2025-06-08 16:29:52,890 - torrentDownloaderUI - ERROR - Error in index route: 'csrf_token' is undefined
2025-06-08 16:29:52,901 - torrentDownloaderUI - ERROR - Error in index route: 'csrf_token' is undefined
2025-06-08 16:29:52,912 - torrentDownloaderUI - ERROR - Error in index route: 'csrf_token' is undefined
2025-06-08 16:29:52,921 - torrentDownloaderUI - ERROR - Error in index route: 'csrf_token' is undefined
2025-06-08 16:29:52,932 - torrentDownloaderUI - ERROR - Error in index route: 'csrf_token' is undefined
2025-06-08 16:29:52,941 - torrentDownloaderUI - ERROR - Error in index route: 'csrf_token' is undefined
2025-06-08 16:29:52,952 - torrentDownloaderUI - ERROR - Error in index route: 'csrf_token' is undefined
2025-06-08 16:29:52,963 - torrentDownloaderUI - ERROR - Error in index route: 'csrf_token' is undefined
2025-06-08 16:29:52,974 - torrentDownloaderUI - ERROR - Error in index route: 'csrf_token' is undefined
2025-06-08 16:29:58,931 - werkzeug - WARNING -  * Debugger is active!
2025-06-08 16:30:03,219 - torrentDownloaderUI - ERROR - Error in index route: 'csrf_token' is undefined
2025-06-08 16:30:03,236 - torrentDownloaderUI - ERROR - Error in index route: 'csrf_token' is undefined
2025-06-08 16:30:03,251 - torrentDownloaderUI - ERROR - Error in index route: 'csrf_token' is undefined
2025-06-08 16:30:03,271 - torrentDownloaderUI - ERROR - Error in index route: 'csrf_token' is undefined
2025-06-08 16:30:03,289 - torrentDownloaderUI - ERROR - Error in index route: 'csrf_token' is undefined
2025-06-08 16:30:03,303 - torrentDownloaderUI - ERROR - Error in index route: 'csrf_token' is undefined
2025-06-08 16:30:03,325 - torrentDownloaderUI - ERROR - Error in index route: 'csrf_token' is undefined
2025-06-08 16:30:03,348 - torrentDownloaderUI - ERROR - Error in index route: 'csrf_token' is undefined
2025-06-08 16:30:03,365 - torrentDownloaderUI - ERROR - Error in index route: 'csrf_token' is undefined
2025-06-08 16:30:03,379 - torrentDownloaderUI - ERROR - Error in index route: 'csrf_token' is undefined
2025-06-08 16:30:04,429 - torrentDownloaderUI - ERROR - Error in index route: 'csrf_token' is undefined
2025-06-08 16:30:04,440 - torrentDownloaderUI - ERROR - Error in index route: 'csrf_token' is undefined
2025-06-08 16:30:04,450 - torrentDownloaderUI - ERROR - Error in index route: 'csrf_token' is undefined
2025-06-08 16:30:04,463 - torrentDownloaderUI - ERROR - Error in index route: 'csrf_token' is undefined
2025-06-08 16:30:04,476 - torrentDownloaderUI - ERROR - Error in index route: 'csrf_token' is undefined
2025-06-08 16:30:04,486 - torrentDownloaderUI - ERROR - Error in index route: 'csrf_token' is undefined
2025-06-08 16:30:04,499 - torrentDownloaderUI - ERROR - Error in index route: 'csrf_token' is undefined
2025-06-08 16:30:04,511 - torrentDownloaderUI - ERROR - Error in index route: 'csrf_token' is undefined
2025-06-08 16:30:04,525 - torrentDownloaderUI - ERROR - Error in index route: 'csrf_token' is undefined
2025-06-08 16:30:04,536 - torrentDownloaderUI - ERROR - Error in index route: 'csrf_token' is undefined
2025-06-08 16:30:09,572 - torrentDownloaderUI - ERROR - Error in index route: 'csrf_token' is undefined
2025-06-08 16:30:09,590 - torrentDownloaderUI - ERROR - Error in index route: 'csrf_token' is undefined
2025-06-08 16:30:09,605 - torrentDownloaderUI - ERROR - Error in index route: 'csrf_token' is undefined
2025-06-08 16:30:09,623 - torrentDownloaderUI - ERROR - Error in index route: 'csrf_token' is undefined
2025-06-08 16:30:09,637 - torrentDownloaderUI - ERROR - Error in index route: 'csrf_token' is undefined
2025-06-08 16:30:09,651 - torrentDownloaderUI - ERROR - Error in index route: 'csrf_token' is undefined
2025-06-08 16:30:09,666 - torrentDownloaderUI - ERROR - Error in index route: 'csrf_token' is undefined
2025-06-08 16:30:09,681 - torrentDownloaderUI - ERROR - Error in index route: 'csrf_token' is undefined
2025-06-08 16:30:09,697 - torrentDownloaderUI - ERROR - Error in index route: 'csrf_token' is undefined
2025-06-08 16:30:09,713 - torrentDownloaderUI - ERROR - Error in index route: 'csrf_token' is undefined
2025-06-08 16:32:01,512 - werkzeug - WARNING -  * Debugger is active!
2025-06-08 16:32:02,836 - torrentDownloaderUI - ERROR - Error in index route: 'str' object is not callable
Traceback (most recent call last):
  File "D:\VSCode\PythonTorrentDownloader\torrentDownloaderUI.py", line 117, in index
    return render_template('index.html',
          ^^^^^^^^^^^^^^^^^^^^^^^^^^^^^
  File "C:\Users\STK911\AppData\Local\Programs\Python\Python312\Lib\site-packages\flask\templating.py", line 151, in render_template
    return _render(app, template, context)
           ^^^^^^^^^^^^^^^^^^^^^^^^^^^^^^^
  File "C:\Users\STK911\AppData\Local\Programs\Python\Python312\Lib\site-packages\flask\templating.py", line 132, in _render
    rv = template.render(context)
         ^^^^^^^^^^^^^^^^^^^^^^^^
  File "C:\Users\STK911\AppData\Local\Programs\Python\Python312\Lib\site-packages\jinja2\environment.py", line 1301, in render
    self.environment.handle_exception()
  File "C:\Users\STK911\AppData\Local\Programs\Python\Python312\Lib\site-packages\jinja2\environment.py", line 936, in handle_exception
    raise rewrite_traceback_stack(source=source)
  File "D:\VSCode\PythonTorrentDownloader\templates\index.html", line 1, in top-level template code
    {% extends "base.html" %}
  File "D:\VSCode\PythonTorrentDownloader\templates\base.html", line 6, in top-level template code
    <meta name="csrf-token" content="{{ csrf_token() }}">
    ^^^^^^^^^^^^^^^^^^^^^^^^^
TypeError: 'str' object is not callable
2025-06-08 16:32:17,424 - werkzeug - WARNING -  * Debugger is active!
2025-06-08 16:32:36,193 - werkzeug - WARNING -  * Debugger is active!
2025-06-08 16:33:19,118 - werkzeug - WARNING -  * Debugger is active!
2025-06-08 16:33:22,508 - torrentDownloaderUI - DEBUG - Current download_rate_limit from session: 0 bytes/s
2025-06-08 16:33:22,511 - torrentDownloaderUI - DEBUG - Current upload_rate_limit from session: 0 bytes/s
2025-06-08 16:33:22,511 - torrentDownloaderUI - DEBUG - Current active_downloads_limit from session: 20
2025-06-08 16:33:22,532 - urllib3.connectionpool - DEBUG - Starting new HTTP connection (1): ip-api.com:80
2025-06-08 16:33:22,616 - urllib3.connectionpool - DEBUG - http://ip-api.com:80 "GET /json?fields=status,message,query,country,regionName,city HTTP/1.1" 200 112
2025-06-08 16:33:31,008 - torrentDownloaderUI - DEBUG - Current download_rate_limit from session: 0 bytes/s
2025-06-08 16:33:31,008 - torrentDownloaderUI - DEBUG - Current upload_rate_limit from session: 0 bytes/s
2025-06-08 16:33:31,008 - torrentDownloaderUI - DEBUG - Current active_downloads_limit from session: 20
2025-06-08 16:33:31,031 - urllib3.connectionpool - DEBUG - Starting new HTTP connection (1): ip-api.com:80
2025-06-08 16:33:31,081 - urllib3.connectionpool - DEBUG - http://ip-api.com:80 "GET /json?fields=status,message,query,country,regionName,city HTTP/1.1" 200 112
2025-06-08 16:33:33,587 - torrentDownloaderUI - DEBUG - Current download_rate_limit from session: 0 bytes/s
2025-06-08 16:33:33,588 - torrentDownloaderUI - DEBUG - Current upload_rate_limit from session: 0 bytes/s
2025-06-08 16:33:33,588 - torrentDownloaderUI - DEBUG - Current active_downloads_limit from session: 20
2025-06-08 16:33:33,598 - urllib3.connectionpool - DEBUG - Starting new HTTP connection (1): ip-api.com:80
2025-06-08 16:33:33,677 - urllib3.connectionpool - DEBUG - http://ip-api.com:80 "GET /json?fields=status,message,query,country,regionName,city HTTP/1.1" 200 112
2025-06-08 16:33:36,809 - flask_wtf.csrf - INFO - The CSRF token is invalid.
2025-06-08 16:34:26,494 - flask_wtf.csrf - INFO - The CSRF token is invalid.
2025-06-08 16:34:40,767 - flask_wtf.csrf - INFO - The CSRF token is invalid.
2025-06-08 16:35:26,370 - werkzeug - WARNING -  * Debugger is active!
2025-06-08 16:35:54,172 - werkzeug - WARNING -  * Debugger is active!
2025-06-08 16:36:32,088 - werkzeug - WARNING -  * Debugger is active!
2025-06-08 16:36:48,891 - werkzeug - WARNING -  * Debugger is active!
2025-06-08 16:37:11,770 - werkzeug - WARNING -  * Debugger is active!
2025-06-08 16:38:33,045 - werkzeug - WARNING -  * Debugger is active!
2025-06-08 16:38:40,975 - torrentDownloaderUI - DEBUG - Current download_rate_limit from session: 0 bytes/s
2025-06-08 16:38:40,977 - torrentDownloaderUI - DEBUG - Current upload_rate_limit from session: 0 bytes/s
2025-06-08 16:38:40,977 - torrentDownloaderUI - DEBUG - Current active_downloads_limit from session: 20
2025-06-08 16:38:41,025 - urllib3.connectionpool - DEBUG - Starting new HTTP connection (1): ip-api.com:80
2025-06-08 16:38:41,111 - urllib3.connectionpool - DEBUG - http://ip-api.com:80 "GET /json?fields=status,message,query,country,regionName,city HTTP/1.1" 200 112
2025-06-08 16:38:49,248 - flask_wtf.csrf - INFO - The CSRF token is invalid.
2025-06-08 16:40:30,398 - werkzeug - WARNING -  * Debugger is active!
2025-06-08 16:40:30,491 - werkzeug - WARNING -  * Debugger is active!
2025-06-08 16:42:09,556 - torrentDownloaderUI - DEBUG - Current download_rate_limit from session: 0 bytes/s
2025-06-08 16:42:09,558 - torrentDownloaderUI - DEBUG - Current upload_rate_limit from session: 0 bytes/s
2025-06-08 16:42:09,559 - torrentDownloaderUI - DEBUG - Current active_downloads_limit from session: 20
2025-06-08 16:42:09,609 - urllib3.connectionpool - DEBUG - Starting new HTTP connection (1): ip-api.com:80
2025-06-08 16:42:10,695 - urllib3.connectionpool - DEBUG - http://ip-api.com:80 "GET /json?fields=status,message,query,country,regionName,city HTTP/1.1" 200 112
2025-06-08 16:42:15,852 - torrentDownloaderUI - DEBUG - Current download_rate_limit from session: 0 bytes/s
2025-06-08 16:42:15,853 - torrentDownloaderUI - DEBUG - Current upload_rate_limit from session: 0 bytes/s
2025-06-08 16:42:15,853 - torrentDownloaderUI - DEBUG - Current active_downloads_limit from session: 20
2025-06-08 16:42:15,871 - urllib3.connectionpool - DEBUG - Starting new HTTP connection (1): ip-api.com:80
2025-06-08 16:42:21,308 - urllib3.connectionpool - DEBUG - http://ip-api.com:80 "GET /json?fields=status,message,query,country,regionName,city HTTP/1.1" 200 112
2025-06-08 16:42:35,343 - flask_wtf.csrf - INFO - The CSRF token is invalid.
2025-06-08 16:43:50,064 - flask_wtf.csrf - INFO - The CSRF session token is missing.
2025-06-08 16:44:13,044 - werkzeug - WARNING -  * Debugger is active!
2025-06-08 16:44:13,110 - werkzeug - WARNING -  * Debugger is active!
2025-06-08 16:44:17,556 - flask_wtf.csrf - INFO - The CSRF session token is missing.
2025-06-08 16:45:18,211 - werkzeug - WARNING -  * Debugger is active!
2025-06-08 16:45:18,217 - werkzeug - WARNING -  * Debugger is active!
2025-06-08 16:45:18,881 - flask_wtf.csrf - INFO - The CSRF session token is missing.
2025-06-08 16:46:51,498 - flask_wtf.csrf - INFO - The CSRF token is missing.
2025-06-08 16:46:57,463 - flask_wtf.csrf - INFO - The CSRF token is missing.
2025-06-08 16:47:18,597 - werkzeug - WARNING -  * Debugger is active!
2025-06-08 16:47:18,640 - werkzeug - WARNING -  * Debugger is active!
2025-06-08 16:47:34,255 - flask_wtf.csrf - INFO - The CSRF session token is missing.
2025-06-08 16:47:48,481 - flask_wtf.csrf - INFO - The CSRF token is missing.
2025-06-08 16:48:20,878 - werkzeug - WARNING -  * Debugger is active!
2025-06-08 16:48:20,984 - werkzeug - WARNING -  * Debugger is active!
2025-06-08 16:48:45,800 - werkzeug - WARNING -  * Debugger is active!
2025-06-08 16:48:46,070 - werkzeug - WARNING -  * Debugger is active!
2025-06-08 16:49:20,029 - flask_wtf.csrf - INFO - The CSRF session token is missing.
2025-06-08 16:49:53,542 - flask_wtf.csrf - INFO - The CSRF token is missing.
2025-06-08 16:49:57,381 - werkzeug - WARNING -  * Debugger is active!
2025-06-08 16:49:57,661 - werkzeug - WARNING -  * Debugger is active!
2025-06-08 16:49:59,825 - torrentDownloaderUI - DEBUG - Current download_rate_limit from session: 0 bytes/s
2025-06-08 16:49:59,826 - torrentDownloaderUI - DEBUG - Current upload_rate_limit from session: 0 bytes/s
2025-06-08 16:49:59,827 - torrentDownloaderUI - DEBUG - Current active_downloads_limit from session: 20
2025-06-08 16:49:59,848 - urllib3.connectionpool - DEBUG - Starting new HTTP connection (1): ip-api.com:80
2025-06-08 16:49:59,943 - urllib3.connectionpool - DEBUG - http://ip-api.com:80 "GET /json?fields=status,message,query,country,regionName,city HTTP/1.1" 200 112
2025-06-08 16:50:59,834 - werkzeug - WARNING -  * Debugger is active!
2025-06-08 16:51:00,211 - werkzeug - WARNING -  * Debugger is active!
2025-06-08 16:52:48,208 - torrentDownloaderUI - DEBUG - Current download_rate_limit from session: 0 bytes/s
2025-06-08 16:52:48,211 - torrentDownloaderUI - DEBUG - Current upload_rate_limit from session: 0 bytes/s
2025-06-08 16:52:48,211 - torrentDownloaderUI - DEBUG - Current active_downloads_limit from session: 20
2025-06-08 16:52:48,228 - urllib3.connectionpool - DEBUG - Starting new HTTP connection (1): ip-api.com:80
2025-06-08 16:52:48,299 - urllib3.connectionpool - DEBUG - http://ip-api.com:80 "GET /json?fields=status,message,query,country,regionName,city HTTP/1.1" 200 112
2025-06-08 16:53:53,459 - werkzeug - WARNING -  * Debugger is active!
2025-06-08 16:53:53,765 - werkzeug - WARNING -  * Debugger is active!
2025-06-08 16:54:07,518 - torrentDownloaderUI - DEBUG - Current download_rate_limit from session: 0 bytes/s
2025-06-08 16:54:07,520 - torrentDownloaderUI - DEBUG - Current upload_rate_limit from session: 0 bytes/s
2025-06-08 16:54:07,520 - torrentDownloaderUI - DEBUG - Current active_downloads_limit from session: 20
2025-06-08 16:54:07,543 - urllib3.connectionpool - DEBUG - Starting new HTTP connection (1): ip-api.com:80
2025-06-08 16:54:07,617 - urllib3.connectionpool - DEBUG - http://ip-api.com:80 "GET /json?fields=status,message,query,country,regionName,city HTTP/1.1" 200 112
2025-06-08 16:55:14,810 - werkzeug - WARNING -  * Debugger is active!
2025-06-08 16:55:15,064 - werkzeug - WARNING -  * Debugger is active!
2025-06-08 16:55:46,771 - werkzeug - WARNING -  * Debugger is active!
2025-06-08 16:55:47,106 - werkzeug - WARNING -  * Debugger is active!
2025-06-08 16:56:33,583 - werkzeug - WARNING -  * Debugger is active!
2025-06-08 16:57:55,919 - werkzeug - WARNING -  * Debugger is active!
2025-06-08 16:57:56,234 - werkzeug - WARNING -  * Debugger is active!
2025-06-08 16:57:56,518 - werkzeug - WARNING -  * Debugger is active!
2025-06-08 16:58:24,209 - werkzeug - WARNING -  * Debugger is active!
2025-06-08 16:59:33,144 - werkzeug - WARNING -  * Debugger is active!
2025-06-08 17:02:48,330 - werkzeug - WARNING -  * Debugger is active!
2025-06-08 17:02:54,693 - torrentDownloaderUI - DEBUG - Current download_rate_limit from session: 0 bytes/s
2025-06-08 17:02:54,695 - torrentDownloaderUI - DEBUG - Current upload_rate_limit from session: 0 bytes/s
2025-06-08 17:02:54,696 - torrentDownloaderUI - DEBUG - Current active_downloads_limit from session: 20
2025-06-08 17:02:54,706 - urllib3.connectionpool - DEBUG - Starting new HTTP connection (1): ip-api.com:80
2025-06-08 17:02:54,777 - urllib3.connectionpool - DEBUG - http://ip-api.com:80 "GET /json?fields=status,message,query,country,regionName,city HTTP/1.1" 200 112
2025-06-08 17:02:55,691 - torrentDownloaderUI - DEBUG - Current download_rate_limit from session: 0 bytes/s
2025-06-08 17:02:55,692 - torrentDownloaderUI - DEBUG - Current upload_rate_limit from session: 0 bytes/s
2025-06-08 17:02:55,692 - torrentDownloaderUI - DEBUG - Current active_downloads_limit from session: 20
2025-06-08 17:02:55,708 - urllib3.connectionpool - DEBUG - Starting new HTTP connection (1): ip-api.com:80
2025-06-08 17:02:55,767 - urllib3.connectionpool - DEBUG - http://ip-api.com:80 "GET /json?fields=status,message,query,country,regionName,city HTTP/1.1" 200 112
2025-06-08 17:02:56,604 - torrentDownloaderUI - DEBUG - Current download_rate_limit from session: 0 bytes/s
2025-06-08 17:02:56,607 - torrentDownloaderUI - DEBUG - Current upload_rate_limit from session: 0 bytes/s
2025-06-08 17:02:56,607 - torrentDownloaderUI - DEBUG - Current active_downloads_limit from session: 20
2025-06-08 17:02:56,618 - urllib3.connectionpool - DEBUG - Starting new HTTP connection (1): ip-api.com:80
2025-06-08 17:02:56,699 - urllib3.connectionpool - DEBUG - http://ip-api.com:80 "GET /json?fields=status,message,query,country,regionName,city HTTP/1.1" 200 112
2025-06-08 17:02:57,580 - torrentDownloaderUI - DEBUG - Current download_rate_limit from session: 0 bytes/s
2025-06-08 17:02:57,580 - torrentDownloaderUI - DEBUG - Current upload_rate_limit from session: 0 bytes/s
2025-06-08 17:02:57,580 - torrentDownloaderUI - DEBUG - Current active_downloads_limit from session: 20
2025-06-08 17:02:57,596 - urllib3.connectionpool - DEBUG - Starting new HTTP connection (1): ip-api.com:80
2025-06-08 17:02:57,660 - urllib3.connectionpool - DEBUG - http://ip-api.com:80 "GET /json?fields=status,message,query,country,regionName,city HTTP/1.1" 200 112
2025-06-08 17:05:58,108 - torrentDownloaderUI - DEBUG - Current download_rate_limit from session: 0 bytes/s
2025-06-08 17:05:58,110 - torrentDownloaderUI - DEBUG - Current upload_rate_limit from session: 0 bytes/s
2025-06-08 17:05:58,110 - torrentDownloaderUI - DEBUG - Current active_downloads_limit from session: 20
2025-06-08 17:05:58,135 - urllib3.connectionpool - DEBUG - Starting new HTTP connection (1): ip-api.com:80
2025-06-08 17:05:58,207 - urllib3.connectionpool - DEBUG - http://ip-api.com:80 "GET /json?fields=status,message,query,country,regionName,city HTTP/1.1" 200 112
